2020-02-29 04:46:35 [scrapy.utils.log] INFO: Scrapy 1.8.0 started (bot: scrapybot)
2020-02-29 04:46:35 [scrapy.utils.log] INFO: Versions: lxml 4.4.2.0, libxml2 2.9.9, cssselect 1.1.0, parsel 1.5.2, w3lib 1.21.0, Twisted 19.10.0, Python 3.6.9 (default, Nov  7 2019, 10:44:02) - [GCC 8.3.0], pyOpenSSL 19.1.0 (OpenSSL 1.1.1d  10 Sep 2019), cryptography 2.8, Platform Linux-4.15.0-54-generic-x86_64-with-Ubuntu-18.04-bionic
2020-02-29 04:46:35 [scrapy.crawler] INFO: Overridden settings: {'DOWNLOAD_DELAY': 15, 'LOG_FILE': 'logs/scrapy_tinhte_crawler_1582951595.0856283.log', 'LOG_STDOUT': True, 'USER_AGENT': 'Mozilla/5.0 (Windows NT 6.1; WOW64) AppleWebKit/537.36 (KHTML, like Gecko) Chrome/36.0.1941.0 Safari/537.36'}
2020-02-29 04:46:35 [scrapy.extensions.telnet] INFO: Telnet Password: 648722452d281851
2020-02-29 04:46:35 [scrapy.middleware] INFO: Enabled extensions:
['scrapy.extensions.corestats.CoreStats',
 'scrapy.extensions.telnet.TelnetConsole',
 'scrapy.extensions.memusage.MemoryUsage',
 'scrapy.extensions.logstats.LogStats']
2020-02-29 04:46:35 [scrapy.middleware] INFO: Enabled downloader middlewares:
['scrapy.downloadermiddlewares.httpauth.HttpAuthMiddleware',
 'scrapy.downloadermiddlewares.downloadtimeout.DownloadTimeoutMiddleware',
 'scrapy.downloadermiddlewares.defaultheaders.DefaultHeadersMiddleware',
 'scrapy.downloadermiddlewares.useragent.UserAgentMiddleware',
 'scrapy.downloadermiddlewares.retry.RetryMiddleware',
 'scrapy.downloadermiddlewares.redirect.MetaRefreshMiddleware',
 'scrapy.downloadermiddlewares.httpcompression.HttpCompressionMiddleware',
 'scrapy.downloadermiddlewares.redirect.RedirectMiddleware',
 'scrapy.downloadermiddlewares.cookies.CookiesMiddleware',
 'scrapy.downloadermiddlewares.httpproxy.HttpProxyMiddleware',
 'scrapy.downloadermiddlewares.stats.DownloaderStats']
2020-02-29 04:46:35 [scrapy.middleware] INFO: Enabled spider middlewares:
['scrapy.spidermiddlewares.httperror.HttpErrorMiddleware',
 'scrapy.spidermiddlewares.offsite.OffsiteMiddleware',
 'scrapy.spidermiddlewares.referer.RefererMiddleware',
 'scrapy.spidermiddlewares.urllength.UrlLengthMiddleware',
 'scrapy.spidermiddlewares.depth.DepthMiddleware']
2020-02-29 04:46:35 [scrapy.middleware] INFO: Enabled item pipelines:
[]
2020-02-29 04:46:35 [scrapy.core.engine] INFO: Spider opened
2020-02-29 04:46:35 [scrapy.extensions.logstats] INFO: Crawled 0 pages (at 0 pages/min), scraped 0 items (at 0 items/min)
2020-02-29 04:46:35 [scrapy.extensions.telnet] INFO: Telnet console listening on 127.0.0.1:6024
2020-02-29 04:46:35 [scrapy.core.engine] DEBUG: Crawled (200) <GET https://tinhte.vn/forums/xe-o-to.545/> (referer: None)
2020-02-29 04:46:55 [scrapy.core.engine] DEBUG: Crawled (200) <GET https://tinhte.vn/thread/huong-dan-de-nghi-cap-bang-lai-xe-quoc-te-ngoi-nha-tu-lam-chi-mat-199k-bang-duoc-goi-ve-tan-nha.2600442/> (referer: https://tinhte.vn/forums/xe-o-to.545/)
2020-02-29 04:47:41 [scrapy.extensions.logstats] INFO: Crawled 2 pages (at 2 pages/min), scraped 0 items (at 0 items/min)
2020-02-29 04:47:42 [scrapy.core.engine] DEBUG: Crawled (200) <GET https://tinhte.vn/thread/goi-la-xe-hoi-hay-o-to-moi-dung.3087331/> (referer: https://tinhte.vn/forums/xe-o-to.545/)
2020-02-29 04:47:56 [scrapy.core.engine] DEBUG: Crawled (200) <GET https://tinhte.vn/thread/audi-viet-nam-trieu-hoi-q5-de-thay-the-vit-gia-co-op-chan-bun-banh-sau.3087800/> (referer: https://tinhte.vn/forums/xe-o-to.545/)
2020-02-29 04:48:17 [scrapy.core.engine] DEBUG: Crawled (200) <GET https://tinhte.vn/thread/camry-va-avalon-phien-ban-trd-hoan-toan-moi.3089553/> (referer: https://tinhte.vn/forums/xe-o-to.545/)
2020-02-29 04:48:51 [scrapy.extensions.logstats] INFO: Crawled 5 pages (at 3 pages/min), scraped 0 items (at 0 items/min)
2020-02-29 04:48:51 [scrapy.core.engine] DEBUG: Crawled (200) <GET https://tinhte.vn/thread/honda-hr-v-2020-giam-gia-cao-nhat-150-trieu-kem-dieu-kien-doc.3089558/> (referer: https://tinhte.vn/forums/xe-o-to.545/)
2020-02-29 04:49:12 [scrapy.core.engine] DEBUG: Crawled (200) <GET https://tinhte.vn/thread/xe-duc-cu-nhung-khong-nat-nhe-anh-em.3086972/> (referer: https://tinhte.vn/forums/xe-o-to.545/)
2020-02-29 04:49:30 [scrapy.core.engine] DEBUG: Crawled (200) <GET https://tinhte.vn/thread/geneva-motor-show-chinh-thuc-huy-bo-vi-coronavirus.3089381/> (referer: https://tinhte.vn/forums/xe-o-to.545/)
2020-02-29 04:49:35 [scrapy.extensions.logstats] INFO: Crawled 8 pages (at 3 pages/min), scraped 0 items (at 0 items/min)
2020-02-29 04:49:52 [scrapy.core.engine] DEBUG: Crawled (200) <GET https://tinhte.vn/thread/ford-explorer-2020-da-ve-viet-nam-nhung-gia-ban-lai-ngang-ngua-mercedes-benz-gls.3089592/> (referer: https://tinhte.vn/forums/xe-o-to.545/)
2020-02-29 04:50:12 [scrapy.core.engine] DEBUG: Crawled (200) <GET https://tinhte.vn/thread/sang-som-no-may-dong-co-gam-ru-lon-hien-tuong-binh-thuong-thoi.3088236/> (referer: https://tinhte.vn/forums/xe-o-to.545/)
2020-02-29 04:50:34 [scrapy.core.engine] DEBUG: Crawled (200) <GET https://tinhte.vn/thread/warn-gioi-thieu-bo-kit-can-truoc-gan-toi-cho-forester-outback-va-crosstrek.3087628/> (referer: https://tinhte.vn/forums/xe-o-to.545/)
2020-02-29 04:51:32 [scrapy.extensions.logstats] INFO: Crawled 11 pages (at 3 pages/min), scraped 0 items (at 0 items/min)
2020-02-29 04:51:32 [scrapy.core.engine] DEBUG: Crawled (200) <GET https://tinhte.vn/thread/ford-f150-va-tesla-cybertruck-tai-dau-man-keo-co-nhung-co-mot-chut-thay-doi-nho.3089080/> (referer: https://tinhte.vn/forums/xe-o-to.545/)
2020-02-29 04:51:37 [scrapy.extensions.logstats] INFO: Crawled 12 pages (at 1 pages/min), scraped 0 items (at 0 items/min)
2020-02-29 04:51:52 [scrapy.core.engine] DEBUG: Crawled (200) <GET https://tinhte.vn/thread/chi-tiet-mercedes-amg-gla45-2021-thiet-ke-the-thao-ca-tinh-dong-co-i4-manh-nhat-the-gioi.3089045/> (referer: https://tinhte.vn/forums/xe-o-to.545/)
2020-02-29 04:53:48 [scrapy.extensions.logstats] INFO: Crawled 13 pages (at 1 pages/min), scraped 0 items (at 0 items/min)
2020-02-29 04:53:48 [scrapy.core.engine] DEBUG: Crawled (200) <GET https://tinhte.vn/forums/xe-o-to.545/page-2> (referer: https://tinhte.vn/forums/xe-o-to.545/)
2020-02-29 04:54:07 [scrapy.core.engine] DEBUG: Crawled (200) <GET https://tinhte.vn/thread/motoring-vinfast-dang-ruc-rich-nhay-vao-thi-truong-uc-co-the-se-the-cho-holden.3088359/> (referer: https://tinhte.vn/forums/xe-o-to.545/)
2020-02-29 04:54:18 [scrapy.core.engine] DEBUG: Crawled (200) <GET https://tinhte.vn/thread/cac-bac-di-cx5-review-em-no-di-a-sau-hon-hai-nam-su-dung-thi-em-thay-xe-van-hanh-rat-ok-cam-giac.3089471/> (referer: https://tinhte.vn/forums/xe-o-to.545/)
2020-02-29 04:54:35 [scrapy.extensions.logstats] INFO: Crawled 16 pages (at 3 pages/min), scraped 0 items (at 0 items/min)
2020-02-29 04:54:40 [scrapy.core.engine] DEBUG: Crawled (200) <GET https://tinhte.vn/thread/video-huong-dan-kich-no-dong-co-o-to-bang-bo-anker-jump-starter-khi-ac-quy-het-dien.2712962/> (referer: https://tinhte.vn/forums/xe-o-to.545/)
2020-02-29 04:55:51 [scrapy.extensions.logstats] INFO: Crawled 17 pages (at 1 pages/min), scraped 0 items (at 0 items/min)
2020-02-29 04:55:52 [scrapy.core.engine] DEBUG: Crawled (200) <GET https://tinhte.vn/thread/hyundai-kona-ban-facelift-lan-dau-lo-dien.3088517/> (referer: https://tinhte.vn/forums/xe-o-to.545/)
2020-02-29 04:56:19 [scrapy.core.engine] DEBUG: Crawled (200) <GET https://tinhte.vn/thread/hyundai-i30-2021-chi-tiet-thiet-ke-the-thao-noi-that-hien-dai-dong-co-manh-me-an-toan-toi-da.3088464/> (referer: https://tinhte.vn/forums/xe-o-to.545/)
2020-02-29 04:57:55 [scrapy.extensions.logstats] INFO: Crawled 19 pages (at 2 pages/min), scraped 0 items (at 0 items/min)
2020-02-29 04:57:56 [scrapy.core.engine] DEBUG: Crawled (200) <GET https://tinhte.vn/thread/honda-civic-2020-facelift-ra-mat-o-malaysia-ngoai-that-cai-tien-co-gap-ghe-60-40-gia-tang-nhe.3088462/> (referer: https://tinhte.vn/forums/xe-o-to.545/)
2020-02-29 04:59:43 [scrapy.extensions.logstats] INFO: Crawled 20 pages (at 1 pages/min), scraped 0 items (at 0 items/min)
2020-02-29 04:59:44 [scrapy.core.engine] DEBUG: Crawled (200) <GET https://tinhte.vn/thread/anh-em-mua-xe-tra-gop-hay-tra-thang.3087502/> (referer: https://tinhte.vn/forums/xe-o-to.545/)
2020-02-29 05:00:05 [scrapy.core.engine] DEBUG: Crawled (200) <GET https://tinhte.vn/thread/dau-nhon-sungbo-oto-moto-xe-may.3089449/> (referer: https://tinhte.vn/forums/xe-o-to.545/page-2)
2020-02-29 05:00:20 [scrapy.core.engine] DEBUG: Crawled (200) <GET https://tinhte.vn/thread/video-porsche-911-turbo-s-boc-dau-nho-goi-do-dong-co-1-000-ma-luc.3088483/> (referer: https://tinhte.vn/forums/xe-o-to.545/page-2)
2020-02-29 05:00:32 [scrapy.core.engine] DEBUG: Crawled (200) <GET https://tinhte.vn/thread/minh-thu-vao-web-google-com-va-go-vai-noi-dung-tim-hieu-ve-xe-hoi-thi-phat-hien.3088347/> (referer: https://tinhte.vn/forums/xe-o-to.545/page-2)
2020-02-29 05:00:35 [scrapy.extensions.logstats] INFO: Crawled 24 pages (at 4 pages/min), scraped 0 items (at 0 items/min)
2020-02-29 05:00:51 [scrapy.core.engine] DEBUG: Crawled (200) <GET https://tinhte.vn/thread/suzuki-xl-7-650-trieu.3089190/> (referer: https://tinhte.vn/forums/xe-o-to.545/page-2)
2020-02-29 05:01:04 [scrapy.core.engine] DEBUG: Crawled (200) <GET https://tinhte.vn/thread/co-ai-biet-content-bao-chi-khac-content-marketing-nhu-the-nao-khong.3089165/> (referer: https://tinhte.vn/forums/xe-o-to.545/page-2)
2020-02-29 05:01:22 [scrapy.core.engine] DEBUG: Crawled (200) <GET https://tinhte.vn/thread/cap-nhat-porsche-macan-turbo-2020.3089287/> (referer: https://tinhte.vn/forums/xe-o-to.545/page-2)
2020-02-29 05:01:55 [scrapy.extensions.logstats] INFO: Crawled 27 pages (at 3 pages/min), scraped 0 items (at 0 items/min)
2020-02-29 05:01:55 [scrapy.core.engine] DEBUG: Crawled (200) <GET https://tinhte.vn/thread/anh-em-thay-xe-duoi-cut-co-yeu-khong.3089175/> (referer: https://tinhte.vn/forums/xe-o-to.545/page-2)
2020-02-29 05:02:17 [scrapy.core.engine] DEBUG: Crawled (200) <GET https://tinhte.vn/thread/xin-tu-van-rio-2016-sedan-4-van-gia-400-trieu.3089236/> (referer: https://tinhte.vn/forums/xe-o-to.545/page-2)
2020-02-29 05:02:30 [scrapy.core.engine] DEBUG: Crawled (200) <GET https://tinhte.vn/thread/tren-tay-gplx-quoc-te-do-vn-cap-dung-duoc-o-85-quoc-gia.2609110/> (referer: https://tinhte.vn/forums/xe-o-to.545/page-2)
2020-02-29 05:02:57 [scrapy.extensions.logstats] INFO: Crawled 30 pages (at 3 pages/min), scraped 0 items (at 0 items/min)
2020-02-29 05:02:57 [scrapy.core.engine] DEBUG: Crawled (200) <GET https://tinhte.vn/forums/xe-o-to.545/page-3> (referer: https://tinhte.vn/forums/xe-o-to.545/page-2)
2020-02-29 05:03:17 [scrapy.core.engine] DEBUG: Crawled (200) <GET https://tinhte.vn/thread/thaco-xuat-khau-lo-xe-kia-sedona-dau-tien-sang-thi-truong-thai-lan.3088852/> (referer: https://tinhte.vn/forums/xe-o-to.545/page-2)
2020-02-29 05:03:34 [scrapy.core.engine] DEBUG: Crawled (200) <GET https://tinhte.vn/thread/cham-soc-xe-danh-bong-son-xe-o-to-tra-lai-ve-bong-nguyen-ban-cho-son-xe.3084583/> (referer: https://tinhte.vn/forums/xe-o-to.545/page-2)
2020-02-29 05:06:07 [scrapy.extensions.logstats] INFO: Crawled 33 pages (at 3 pages/min), scraped 0 items (at 0 items/min)
2020-02-29 05:06:08 [scrapy.core.engine] DEBUG: Crawled (200) <GET https://tinhte.vn/thread/autopilot-cua-tesla-da-cuu-2-gia-dinh-nho-he-thong-phanh-khan-cap-tu-dong.3084989/> (referer: https://tinhte.vn/forums/xe-o-to.545/page-2)
2020-02-29 05:06:29 [scrapy.core.engine] DEBUG: Crawled (200) <GET https://tinhte.vn/thread/tren-tay-mitsubishi-outlander-2020-xe-7-cho-duoi-1-ty-nhieu-trang-bi.3087522/> (referer: https://tinhte.vn/forums/xe-o-to.545/page-2)
2020-02-29 05:13:03 [scrapy.extensions.logstats] INFO: Crawled 35 pages (at 2 pages/min), scraped 0 items (at 0 items/min)
2020-02-29 05:13:04 [scrapy.core.engine] DEBUG: Crawled (200) <GET https://tinhte.vn/thread/can-canh-xe-mercedes-benz-e-200-exclusive-2020-dau-tien-tai-ha-noi.3089114/> (referer: https://tinhte.vn/forums/xe-o-to.545/page-2)
2020-02-29 05:13:22 [scrapy.core.engine] DEBUG: Crawled (200) <GET https://tinhte.vn/thread/abarth-595.3089367/> (referer: https://tinhte.vn/forums/xe-o-to.545/page-2)
2020-02-29 05:13:35 [scrapy.extensions.logstats] INFO: Crawled 37 pages (at 2 pages/min), scraped 0 items (at 0 items/min)
2020-02-29 05:13:41 [scrapy.core.engine] DEBUG: Crawled (200) <GET https://tinhte.vn/thread/quy-trinh-san-xuat-xe-dien-volkswagen.3089387/> (referer: https://tinhte.vn/forums/xe-o-to.545/page-2)
2020-02-29 05:13:54 [scrapy.core.engine] DEBUG: Crawled (200) <GET https://tinhte.vn/thread/hyundai-sonata-hybrid-2020-se-co-tam-sac-nang-luong-mat-troi-tren-mui.3089391/> (referer: https://tinhte.vn/forums/xe-o-to.545/page-2)
2020-02-29 05:14:11 [scrapy.core.engine] DEBUG: Crawled (200) <GET https://tinhte.vn/thread/mot-dai-ly-honda-o-my-se-cho-ban-900-usd-neu-xem-het-series-fast-furious.3087933/> (referer: https://tinhte.vn/forums/xe-o-to.545/page-2)
2020-02-29 05:14:23 [scrapy.core.engine] DEBUG: Crawled (200) <GET https://tinhte.vn/thread/bmw-ra-mat-m340d-2020-chiec-xe-thuong-mai-dung-dong-co-diesel-nhanh-nhat-the-gioi.3087484/> (referer: https://tinhte.vn/forums/xe-o-to.545/page-3)
2020-02-29 05:15:50 [scrapy.extensions.logstats] INFO: Crawled 41 pages (at 4 pages/min), scraped 0 items (at 0 items/min)
2020-02-29 05:15:51 [scrapy.core.engine] DEBUG: Crawled (200) <GET https://tinhte.vn/thread/mitsubishi-danh-gia-ford-explorer-tai-viet-nam.3088239/> (referer: https://tinhte.vn/forums/xe-o-to.545/page-3)
2020-02-29 05:16:13 [scrapy.core.engine] DEBUG: Crawled (200) <GET https://tinhte.vn/thread/hang-xe-polestar-chia-se-ve-tuong-lai-tich-hop-android-auto-vao-sau-trong-he-thong-cua-xe.3085387/> (referer: https://tinhte.vn/forums/xe-o-to.545/page-3)
2020-02-29 05:16:32 [scrapy.core.engine] DEBUG: Crawled (200) <GET https://tinhte.vn/thread/moi-mua-em-no.3088351/> (referer: https://tinhte.vn/forums/xe-o-to.545/page-3)
2020-02-29 05:16:37 [scrapy.extensions.logstats] INFO: Crawled 44 pages (at 3 pages/min), scraped 0 items (at 0 items/min)
2020-02-29 05:16:53 [scrapy.core.engine] DEBUG: Crawled (200) <GET https://tinhte.vn/thread/dai-ly-giam-300-trieu-cho-khach-giai-cuu-xe-ford-explorer.3088365/> (referer: https://tinhte.vn/forums/xe-o-to.545/page-3)
2020-02-29 05:17:08 [scrapy.core.engine] DEBUG: Crawled (200) <GET https://tinhte.vn/thread/cuoc-song-hanh-phuc-uoc-mo-cua-minh.3088278/> (referer: https://tinhte.vn/forums/xe-o-to.545/page-3)
2020-02-29 05:17:21 [scrapy.core.engine] DEBUG: Crawled (200) <GET https://tinhte.vn/thread/porsche-mo-dich-vu-in-van-tay-len-911-chi-phi-gan-200-trieu.3087887/> (referer: https://tinhte.vn/forums/xe-o-to.545/page-3)
2020-02-29 05:17:51 [scrapy.extensions.logstats] INFO: Crawled 47 pages (at 3 pages/min), scraped 0 items (at 0 items/min)
2020-02-29 05:17:51 [scrapy.core.engine] DEBUG: Crawled (200) <GET https://tinhte.vn/forums/xe-o-to.545/page-4> (referer: https://tinhte.vn/forums/xe-o-to.545/page-3)
2020-02-29 05:18:08 [scrapy.core.engine] DEBUG: Crawled (200) <GET https://tinhte.vn/thread/hinh-anh-chi-tiet-mercedes-benz-gle63-s-amg-coupe-thiet-ke-sang-trong-manh-me-va-day-cong-nghe.3085595/> (referer: https://tinhte.vn/forums/xe-o-to.545/page-3)
2020-02-29 05:20:25 [scrapy.extensions.logstats] INFO: Crawled 49 pages (at 2 pages/min), scraped 0 items (at 0 items/min)
2020-02-29 05:20:26 [scrapy.core.engine] DEBUG: Crawled (200) <GET https://tinhte.vn/thread/ford-tourneo-chot-gia-tu-999-trieu-dong.3088210/> (referer: https://tinhte.vn/forums/xe-o-to.545/page-3)
2020-02-29 05:20:59 [scrapy.extensions.logstats] INFO: Crawled 50 pages (at 1 pages/min), scraped 0 items (at 0 items/min)
2020-02-29 05:21:00 [scrapy.core.engine] DEBUG: Crawled (200) <GET https://tinhte.vn/thread/xin-giup-do.3088352/> (referer: https://tinhte.vn/forums/xe-o-to.545/page-3)
2020-02-29 05:21:10 [scrapy.core.engine] DEBUG: Crawled (200) <GET https://tinhte.vn/thread/nua-dau-thang-2-2020-o-to-nhap-don-dap-thong-quan.3088630/> (referer: https://tinhte.vn/forums/xe-o-to.545/page-3)
2020-02-29 05:21:28 [scrapy.core.engine] DEBUG: Crawled (200) <GET https://tinhte.vn/thread/audi-rs7-sportback-2020-chinh-thuc-ra-mat.3088636/> (referer: https://tinhte.vn/forums/xe-o-to.545/page-3)
2020-02-29 05:21:51 [scrapy.extensions.logstats] INFO: Crawled 53 pages (at 3 pages/min), scraped 0 items (at 0 items/min)
2020-02-29 05:21:52 [scrapy.core.engine] DEBUG: Crawled (200) <GET https://tinhte.vn/thread/mercedes-gla-45.3088706/> (referer: https://tinhte.vn/forums/xe-o-to.545/page-3)
2020-02-29 05:22:12 [scrapy.core.engine] DEBUG: Crawled (200) <GET https://tinhte.vn/thread/dia-chi-hoc-bang-lai-xe-uy-tin-de-dau-o-sai-gon.3088765/> (referer: https://tinhte.vn/forums/xe-o-to.545/page-3)
2020-02-29 05:22:29 [scrapy.core.engine] DEBUG: Crawled (200) <GET https://tinhte.vn/thread/tesla-cybertruck-duoc-canh-sat-ontario-bien-thanh-xe-canh-sat.3087309/> (referer: https://tinhte.vn/forums/xe-o-to.545/page-3)
2020-02-29 05:22:45 [scrapy.extensions.logstats] INFO: Crawled 56 pages (at 3 pages/min), scraped 0 items (at 0 items/min)
2020-02-29 05:22:46 [scrapy.core.engine] DEBUG: Crawled (200) <GET https://tinhte.vn/thread/so-sanh-cac-tinh-nang-cua-suzuki-xl7-va-ertiga-moi.3088198/> (referer: https://tinhte.vn/forums/xe-o-to.545/page-4)
2020-02-29 05:23:05 [scrapy.core.engine] DEBUG: Crawled (200) <GET https://tinhte.vn/thread/cua-hit-cua-tu-dong-tren-xe-o-to-la-gi-hoat-dong-ra-sao.3085900/> (referer: https://tinhte.vn/forums/xe-o-to.545/page-4)
2020-02-29 05:23:28 [scrapy.core.engine] DEBUG: Crawled (200) <GET https://tinhte.vn/thread/audi-e-tron-quattro.3085114/> (referer: https://tinhte.vn/forums/xe-o-to.545/page-4)
2020-02-29 05:23:35 [scrapy.extensions.logstats] INFO: Crawled 59 pages (at 3 pages/min), scraped 0 items (at 0 items/min)
2020-02-29 05:23:42 [scrapy.core.engine] DEBUG: Crawled (200) <GET https://tinhte.vn/thread/toyota-rush-pha-le-giam-gia-sau-tham-vong-vot-khach-tu-mitsubishi-xpander.3087292/> (referer: https://tinhte.vn/forums/xe-o-to.545/page-4)
2020-02-29 05:24:02 [scrapy.core.engine] DEBUG: Crawled (200) <GET https://tinhte.vn/thread/thaco-chinh-thuc-xuat-khau-kia-sedona-sang-thi-truong-thai-lan.3087891/> (referer: https://tinhte.vn/forums/xe-o-to.545/page-4)
2020-02-29 05:24:29 [scrapy.core.engine] DEBUG: Crawled (200) <GET https://tinhte.vn/thread/xem-land-rover-defender-2020-trinh-dien-trong-phan-canh-phim-007-no-time-to-die.3085400/> (referer: https://tinhte.vn/forums/xe-o-to.545/page-4)
2020-02-29 05:24:35 [scrapy.extensions.logstats] INFO: Crawled 62 pages (at 3 pages/min), scraped 0 items (at 0 items/min)
2020-02-29 05:24:46 [scrapy.core.engine] DEBUG: Crawled (200) <GET https://tinhte.vn/thread/iaa-land-rover-defender-2020-huyen-thoai-dia-hinh-hoi-sinh-voi-kieu-dang-hien-dai.3012262/> (referer: https://tinhte.vn/forums/xe-o-to.545/page-4)
2020-02-29 05:28:18 [scrapy.extensions.logstats] INFO: Crawled 63 pages (at 1 pages/min), scraped 0 items (at 0 items/min)
2020-02-29 05:28:19 [scrapy.core.engine] DEBUG: Crawled (200) <GET https://tinhte.vn/thread/lap-cua-hit-o-to-xu-huong-thoi-nay.3042711/> (referer: https://tinhte.vn/forums/xe-o-to.545/page-4)
2020-02-29 05:28:39 [scrapy.extensions.logstats] INFO: Crawled 64 pages (at 1 pages/min), scraped 0 items (at 0 items/min)
2020-02-29 05:28:40 [scrapy.core.engine] DEBUG: Crawled (200) <GET https://tinhte.vn/forums/xe-o-to.545/page-5> (referer: https://tinhte.vn/forums/xe-o-to.545/page-4)
2020-02-29 05:28:59 [scrapy.core.engine] DEBUG: Crawled (200) <GET https://tinhte.vn/thread/lo-dien-honda-city-the-he-thu-5.3087729/> (referer: https://tinhte.vn/forums/xe-o-to.545/page-4)
2020-02-29 05:29:10 [scrapy.core.engine] DEBUG: Crawled (200) <GET https://tinhte.vn/thread/mercedes-benz-e-class-facelift-2020-se-xuat-hien-tai-geneva-motor-show-dau-thang-3-toi.3087016/> (referer: https://tinhte.vn/forums/xe-o-to.545/page-4)
2020-02-29 05:32:12 [scrapy.extensions.logstats] INFO: Crawled 67 pages (at 3 pages/min), scraped 0 items (at 0 items/min)
2020-02-29 05:32:13 [scrapy.core.engine] DEBUG: Crawled (200) <GET https://tinhte.vn/thread/aston-martin-db11-v8-mau-vang-dong.3087746/> (referer: https://tinhte.vn/forums/xe-o-to.545/page-4)
2020-02-29 05:32:58 [scrapy.extensions.logstats] INFO: Crawled 68 pages (at 1 pages/min), scraped 0 items (at 0 items/min)
2020-02-29 05:32:59 [scrapy.core.engine] DEBUG: Crawled (200) <GET https://tinhte.vn/thread/vinfast-niem-tin-ung-truoc.3087778/> (referer: https://tinhte.vn/forums/xe-o-to.545/page-4)
2020-02-29 05:33:19 [scrapy.core.engine] DEBUG: Crawled (200) <GET https://tinhte.vn/thread/sieu-xe-czinger-21c-tang-toc-0-100km-h-trong-1-9-giay-khung-suon-in-3d-gia-1-7-trieu-do.3086403/> (referer: https://tinhte.vn/forums/xe-o-to.545/page-4)
2020-02-29 05:37:02 [scrapy.extensions.logstats] INFO: Crawled 70 pages (at 2 pages/min), scraped 0 items (at 0 items/min)
2020-02-29 05:37:02 [scrapy.core.engine] DEBUG: Crawled (200) <GET https://tinhte.vn/thread/xe-canh-sat-giao-thong-vinfast.3087981/> (referer: https://tinhte.vn/forums/xe-o-to.545/page-4)
2020-02-29 05:37:21 [scrapy.core.engine] DEBUG: Crawled (200) <GET https://tinhte.vn/thread/gms19-lamborghini-aventador-svj-roadster-2019-san-xuat-gioi-han-800-chiec-574-000-usd.2926594/> (referer: https://tinhte.vn/forums/xe-o-to.545/page-4)
2020-02-29 05:40:08 [scrapy.extensions.logstats] INFO: Crawled 72 pages (at 2 pages/min), scraped 0 items (at 0 items/min)
2020-02-29 05:40:09 [scrapy.core.engine] DEBUG: Crawled (200) <GET https://tinhte.vn/thread/f1-2020-mua-giai-nam-nay-10-doi-dua-co-muc-tieu-gi.3086537/> (referer: https://tinhte.vn/forums/xe-o-to.545/page-5)
2020-02-29 05:41:10 [scrapy.extensions.logstats] INFO: Crawled 73 pages (at 1 pages/min), scraped 0 items (at 0 items/min)
2020-02-29 05:41:11 [scrapy.core.engine] DEBUG: Crawled (200) <GET https://tinhte.vn/thread/xe-gioi-han-bmw-m4-edition-m-heritage.3087299/> (referer: https://tinhte.vn/forums/xe-o-to.545/page-5)
2020-02-29 05:42:06 [scrapy.extensions.logstats] INFO: Crawled 74 pages (at 1 pages/min), scraped 0 items (at 0 items/min)
2020-02-29 05:42:07 [scrapy.core.engine] DEBUG: Crawled (200) <GET https://tinhte.vn/thread/ban-co-biet-nhiet-do-toi-uu-cua-nhot-may-con-cao-hon-nhiet-do-soi-cua-nuoc.3086696/> (referer: https://tinhte.vn/forums/xe-o-to.545/page-5)
2020-02-29 05:42:23 [scrapy.core.engine] DEBUG: Crawled (200) <GET https://tinhte.vn/thread/lai-moi-chia-se-kinh-nghiem-len-xuong-dong-cua-xe-o-to-lich-su-va-tinh-te.3082202/> (referer: https://tinhte.vn/forums/xe-o-to.545/page-5)
2020-02-29 05:42:43 [scrapy.extensions.logstats] INFO: Crawled 76 pages (at 2 pages/min), scraped 0 items (at 0 items/min)
2020-02-29 05:42:44 [scrapy.core.engine] DEBUG: Crawled (200) <GET https://tinhte.vn/thread/anh-em-co-do-bmw-cua-minh-khong.3087275/> (referer: https://tinhte.vn/forums/xe-o-to.545/page-5)
2020-02-29 05:43:06 [scrapy.core.engine] DEBUG: Crawled (200) <GET https://tinhte.vn/thread/dan-phim-cach-nhiet-cho-o-to-lieu-co-can.3004802/> (referer: https://tinhte.vn/forums/xe-o-to.545/page-5)
2020-02-29 05:43:20 [scrapy.core.engine] DEBUG: Crawled (200) <GET https://tinhte.vn/thread/mercedes-maybach-gls-600-ra-mat-khi-thoi-maybach-vao-mot-chiec-suv.3040620/> (referer: https://tinhte.vn/forums/xe-o-to.545/page-5)
2020-02-29 05:48:03 [scrapy.extensions.logstats] INFO: Crawled 79 pages (at 3 pages/min), scraped 0 items (at 0 items/min)
2020-02-29 05:48:04 [scrapy.core.engine] DEBUG: Crawled (200) <GET https://tinhte.vn/thread/camera-360-do-xe-mitsubishi-outlander-khong-anh-huong-khi-cup-guong.3087524/> (referer: https://tinhte.vn/forums/xe-o-to.545/page-5)
2020-02-29 05:48:18 [scrapy.core.engine] DEBUG: Crawled (200) <GET https://tinhte.vn/thread/xiaomi-car-hon-300tr-ti.3087408/> (referer: https://tinhte.vn/forums/xe-o-to.545/page-5)
2020-02-29 05:48:35 [scrapy.extensions.logstats] INFO: Crawled 81 pages (at 2 pages/min), scraped 0 items (at 0 items/min)
2020-02-29 05:48:36 [scrapy.core.engine] DEBUG: Crawled (200) <GET https://tinhte.vn/forums/xe-o-to.545/page-6> (referer: https://tinhte.vn/forums/xe-o-to.545/page-5)
2020-02-29 05:48:57 [scrapy.core.engine] DEBUG: Crawled (200) <GET https://tinhte.vn/thread/bill-gates-mua-xe-dien-porsche-taycan-elon-musk-bao-cha-co-gi-vui.3085220/> (referer: https://tinhte.vn/forums/xe-o-to.545/page-5)
2020-02-29 05:49:13 [scrapy.core.engine] DEBUG: Crawled (200) <GET https://tinhte.vn/thread/e-dang-co-du-dinh-sam-1-xe-ve-vua-dung-vua-chi-thue-tu-lai-tai-chinh-tam-500-thi-nen-chon-xe-luot.3087215/> (referer: https://tinhte.vn/forums/xe-o-to.545/page-5)
2020-02-29 05:49:28 [scrapy.core.engine] DEBUG: Crawled (200) <GET https://tinhte.vn/thread/doanh-so-oto-thang-1-2020-hyundai-accent-bat-ngo-dan-dau-top-10-xe-nhat-that-the-so-voi-xe-han.3084948/> (referer: https://tinhte.vn/forums/xe-o-to.545/page-5)
2020-02-29 05:49:35 [scrapy.extensions.logstats] INFO: Crawled 85 pages (at 4 pages/min), scraped 0 items (at 0 items/min)
2020-02-29 05:49:49 [scrapy.core.engine] DEBUG: Crawled (200) <GET https://tinhte.vn/thread/tai-sao-mot-so-xe-ban-tai-lai-mang-bien-so-xe-con.3087017/> (referer: https://tinhte.vn/forums/xe-o-to.545/page-5)
2020-02-29 05:50:11 [scrapy.core.engine] DEBUG: Crawled (200) <GET https://tinhte.vn/thread/hinh-anh-chi-tiet-kia-sorento-2021-thiet-ke-hien-dai-noi-that-sang-trong-nhieu-cong-nghe-moi.3085018/> (referer: https://tinhte.vn/forums/xe-o-to.545/page-5)
2020-02-29 05:51:48 [scrapy.extensions.logstats] INFO: Crawled 87 pages (at 2 pages/min), scraped 0 items (at 0 items/min)
2020-02-29 05:51:49 [scrapy.core.engine] DEBUG: Crawled (200) <GET https://tinhte.vn/thread/tren-tay-tham-lot-san-back-liners-cho-xe-o-to-nhap-thai-cao-su-tu-nhien-gia-1-79-trieu-bo.2715995/> (referer: https://tinhte.vn/forums/xe-o-to.545/page-5)
2020-02-29 05:53:59 [scrapy.extensions.logstats] INFO: Crawled 88 pages (at 1 pages/min), scraped 0 items (at 0 items/min)
2020-02-29 05:53:59 [scrapy.core.engine] DEBUG: Crawled (200) <GET https://tinhte.vn/thread/chi-tiet-xe-tai-hino-8-tan-fg8jt7a-euro-4-thung-dai-9-met-mui-bat-bung-nhom.3087699/> (referer: https://tinhte.vn/forums/xe-o-to.545/page-5)
2020-02-29 05:54:17 [scrapy.core.engine] DEBUG: Crawled (200) <GET https://tinhte.vn/thread/nghi-dinh-100-2019-giao-xe-may-cho-nguoi-chua-du-tuoi-dieu-khien-so-tien-phat-gay-khiep-via.3087681/> (referer: https://tinhte.vn/forums/xe-o-to.545/page-5)
2020-02-29 05:54:35 [scrapy.extensions.logstats] INFO: Crawled 90 pages (at 2 pages/min), scraped 0 items (at 0 items/min)
2020-02-29 05:54:38 [scrapy.core.engine] DEBUG: Crawled (200) <GET https://tinhte.vn/thread/co-the-ban-chua-biet-3-mau-sieu-xe-concept-bi-mat-cua-bugatti.3086409/> (referer: https://tinhte.vn/forums/xe-o-to.545/page-6)
2020-02-29 05:56:15 [scrapy.extensions.logstats] INFO: Crawled 91 pages (at 1 pages/min), scraped 0 items (at 0 items/min)
2020-02-29 05:56:16 [scrapy.core.engine] DEBUG: Crawled (200) <GET https://tinhte.vn/thread/chiec-ban-tai-dau-tien-cua-peugeot.3086221/> (referer: https://tinhte.vn/forums/xe-o-to.545/page-6)
2020-02-29 05:56:35 [scrapy.extensions.logstats] INFO: Crawled 92 pages (at 1 pages/min), scraped 0 items (at 0 items/min)
2020-02-29 05:56:38 [scrapy.core.engine] DEBUG: Crawled (200) <GET https://tinhte.vn/thread/di-nguoc-chieu-phat-17-trieu-tuoc-bang-6-thang.3085790/> (referer: https://tinhte.vn/forums/xe-o-to.545/page-6)
2020-02-29 05:56:56 [scrapy.core.engine] DEBUG: Crawled (200) <GET https://tinhte.vn/thread/porsche-taycan-chay-trui-trong-garage-tai-my.3084834/> (referer: https://tinhte.vn/forums/xe-o-to.545/page-6)
2020-02-29 05:57:17 [scrapy.core.engine] DEBUG: Crawled (200) <GET https://tinhte.vn/thread/vw-touran-chiec-minivan-tuyet-voi-nhat-cho-gia-dinh-nho.3086158/> (referer: https://tinhte.vn/forums/xe-o-to.545/page-6)
2020-02-29 05:57:35 [scrapy.extensions.logstats] INFO: Crawled 95 pages (at 3 pages/min), scraped 0 items (at 0 items/min)
2020-02-29 05:57:37 [scrapy.core.engine] DEBUG: Crawled (200) <GET https://tinhte.vn/thread/sieu-xe-lamborghini-sian-chinh-thuc-trinh-lang.3086599/> (referer: https://tinhte.vn/forums/xe-o-to.545/page-6)
2020-02-29 05:58:21 [scrapy.core.engine] DEBUG: Crawled (200) <GET https://tinhte.vn/thread/tim-hieu-hop-so-tu-dong-vo-cap-cvt-la-gi-no-hoat-dong-ra-sao.3078422/> (referer: https://tinhte.vn/forums/xe-o-to.545/page-6)
2020-02-29 05:59:12 [scrapy.extensions.logstats] INFO: Crawled 97 pages (at 2 pages/min), scraped 0 items (at 0 items/min)
2020-02-29 05:59:13 [scrapy.core.engine] DEBUG: Crawled (200) <GET https://tinhte.vn/thread/mitsubishi-outlander-2020-ra-mat-viet-nam-2-phien-ban-dong-co-2-0l-gia-tu-825-trieu-dong.3084542/> (referer: https://tinhte.vn/forums/xe-o-to.545/page-6)
2020-02-29 06:00:29 [scrapy.extensions.logstats] INFO: Crawled 98 pages (at 1 pages/min), scraped 0 items (at 0 items/min)
2020-02-29 06:00:29 [scrapy.core.engine] DEBUG: Crawled (200) <GET https://tinhte.vn/forums/xe-o-to.545/page-7> (referer: https://tinhte.vn/forums/xe-o-to.545/page-6)
2020-02-29 06:00:35 [scrapy.extensions.logstats] INFO: Crawled 99 pages (at 1 pages/min), scraped 0 items (at 0 items/min)
2020-02-29 06:00:48 [scrapy.core.engine] DEBUG: Crawled (200) <GET https://tinhte.vn/thread/xe-o-to-suv-co-khoang-hanh-ly-thong-voi-khoang-hanh-khach-rat-so-bi-mui.3085778/> (referer: https://tinhte.vn/forums/xe-o-to.545/page-6)
2020-02-29 06:01:10 [scrapy.core.engine] DEBUG: Crawled (200) <GET https://tinhte.vn/thread/chao-moi-nguoi-minh-rat-thich-con-yamaha-mt15-minh-chi-cao-co-1m60-co-ra-head-thu-xe-thi-xe.3085098/> (referer: https://tinhte.vn/forums/xe-o-to.545/page-6)
2020-02-29 06:01:29 [scrapy.core.engine] DEBUG: Crawled (200) <GET https://tinhte.vn/thread/suzuki-ertiga-2020-da-co-mat-tai-cac-dai-ly.3086133/> (referer: https://tinhte.vn/forums/xe-o-to.545/page-6)
2020-02-29 06:01:35 [scrapy.extensions.logstats] INFO: Crawled 102 pages (at 3 pages/min), scraped 0 items (at 0 items/min)
2020-02-29 06:01:43 [scrapy.core.engine] DEBUG: Crawled (200) <GET https://tinhte.vn/thread/nissan-navara-a-ivi-2019.3086149/> (referer: https://tinhte.vn/forums/xe-o-to.545/page-6)
2020-02-29 06:02:13 [scrapy.core.engine] DEBUG: Crawled (200) <GET https://tinhte.vn/thread/nguoi-dau-tien-nhan-xe-porsche-taycan-turbo-s-o-my-da-test-va-cong-bo-kha-nang-van-hanh-cua-no.3059896/> (referer: https://tinhte.vn/forums/xe-o-to.545/page-6)
2020-02-29 06:05:54 [scrapy.extensions.logstats] INFO: Crawled 104 pages (at 2 pages/min), scraped 0 items (at 0 items/min)
2020-02-29 06:05:55 [scrapy.core.engine] DEBUG: Crawled (200) <GET https://tinhte.vn/thread/dan-ong-my-tung-duoc-dinh-dang-bang-cach-la-biet-lai-xe-so-san-d.3075319/> (referer: https://tinhte.vn/forums/xe-o-to.545/page-6)
2020-02-29 06:06:17 [scrapy.core.engine] DEBUG: Crawled (200) <GET https://tinhte.vn/thread/hyundai-va-kia-gioi-thieu-cong-nghe-dieu-khien-hop-so-thong-minh-hoan-toan-moi-su-dung-thuat-toan-ai.3085996/> (referer: https://tinhte.vn/forums/xe-o-to.545/page-6)
2020-02-29 06:06:53 [scrapy.extensions.logstats] INFO: Crawled 106 pages (at 2 pages/min), scraped 0 items (at 0 items/min)
2020-02-29 06:06:54 [scrapy.core.engine] DEBUG: Crawled (200) <GET https://tinhte.vn/thread/map-ios-tren-apple-carplay.3048637/> (referer: https://tinhte.vn/forums/xe-o-to.545/page-6)
2020-02-29 06:07:13 [scrapy.core.engine] DEBUG: Crawled (200) <GET https://tinhte.vn/thread/ban-tai-isuzu-d-max-2020-dat-diem-an-toan-toi-da.3086581/> (referer: https://tinhte.vn/forums/xe-o-to.545/page-6)
2020-02-29 06:07:26 [scrapy.core.engine] DEBUG: Crawled (200) <GET https://tinhte.vn/thread/suzuki-xl7-chiec-ertiga-suv-se-ra-mat-tai-indonesia-vao-cuoi-thang-2-nay.3077162/> (referer: https://tinhte.vn/forums/xe-o-to.545/page-7)
2020-02-29 06:08:02 [scrapy.extensions.logstats] INFO: Crawled 109 pages (at 3 pages/min), scraped 0 items (at 0 items/min)
2020-02-29 06:08:03 [scrapy.core.engine] DEBUG: Crawled (200) <GET https://tinhte.vn/thread/thong-so-ky-thuat-xe-mercedes-benz-glc-2020.3085687/> (referer: https://tinhte.vn/forums/xe-o-to.545/page-7)
2020-02-29 06:08:25 [scrapy.core.engine] DEBUG: Crawled (200) <GET https://tinhte.vn/thread/kia-sorento-2021-the-he-tiep-theo-lo-dien-tai-han-quoc-thiet-ke-an-tuong-ra-mat-vao-thang-02-2020.3077167/> (referer: https://tinhte.vn/forums/xe-o-to.545/page-7)
2020-02-29 06:09:11 [scrapy.extensions.logstats] INFO: Crawled 111 pages (at 2 pages/min), scraped 0 items (at 0 items/min)
2020-02-29 06:09:12 [scrapy.core.engine] DEBUG: Crawled (200) <GET https://tinhte.vn/thread/o-to-dien-nho-xinh-honda-e-2020.3085703/> (referer: https://tinhte.vn/forums/xe-o-to.545/page-7)
2020-02-29 06:09:34 [scrapy.core.engine] DEBUG: Crawled (200) <GET https://tinhte.vn/thread/honda-accord-2020-dep-nhu-audi-a7-sportback.3075547/> (referer: https://tinhte.vn/forums/xe-o-to.545/page-7)
2020-02-29 06:09:39 [scrapy.extensions.logstats] INFO: Crawled 113 pages (at 2 pages/min), scraped 0 items (at 0 items/min)
2020-02-29 06:09:56 [scrapy.core.engine] DEBUG: Crawled (200) <GET https://tinhte.vn/thread/nikkei-thao-tung-mot-chiec-model-3-ket-luan-tesla-dang-di-truoc-toyota-va-vw-6-nam-ve-cong-nghe.3084923/> (referer: https://tinhte.vn/forums/xe-o-to.545/page-7)
2020-02-29 06:10:17 [scrapy.core.engine] DEBUG: Crawled (200) <GET https://tinhte.vn/thread/top-7-chiec-crossover-va-suv-dat-diem-so-an-toan-cao-nhat-nam-2020.3083614/> (referer: https://tinhte.vn/forums/xe-o-to.545/page-7)
2020-02-29 06:11:13 [scrapy.extensions.logstats] INFO: Crawled 115 pages (at 2 pages/min), scraped 0 items (at 0 items/min)
2020-02-29 06:11:13 [scrapy.core.engine] DEBUG: Crawled (200) <GET https://tinhte.vn/forums/xe-o-to.545/page-8> (referer: https://tinhte.vn/forums/xe-o-to.545/page-7)
2020-02-29 06:11:35 [scrapy.extensions.logstats] INFO: Crawled 116 pages (at 1 pages/min), scraped 0 items (at 0 items/min)
2020-02-29 06:11:36 [scrapy.core.engine] DEBUG: Crawled (200) <GET https://tinhte.vn/thread/mercedes-viet-nam-gioi-thieu-phien-ban-e-200-exclusive-2020-hoan-toan-moi.3085432/> (referer: https://tinhte.vn/forums/xe-o-to.545/page-7)
2020-02-29 06:12:22 [scrapy.core.engine] DEBUG: Crawled (200) <GET https://tinhte.vn/thread/ro-ri-hinh-anh-hyundai-i20-truoc-khi-ra-mat-tai-geneva-motor-show-thang-3-toi.3085433/> (referer: https://tinhte.vn/forums/xe-o-to.545/page-7)
2020-02-29 06:13:02 [scrapy.extensions.logstats] INFO: Crawled 118 pages (at 2 pages/min), scraped 0 items (at 0 items/min)
2020-02-29 06:13:04 [scrapy.core.engine] DEBUG: Crawled (200) <GET https://tinhte.vn/thread/tinh-nang-carkey-moi-trong-ios-13-4-beta-iphone-va-apple-watch-co-the-lam-chia-khoa-thong-minh.3078852/> (referer: https://tinhte.vn/forums/xe-o-to.545/page-7)
2020-02-29 06:13:35 [scrapy.extensions.logstats] INFO: Crawled 119 pages (at 1 pages/min), scraped 0 items (at 0 items/min)
2020-02-29 06:13:35 [scrapy.core.engine] DEBUG: Crawled (200) <GET https://tinhte.vn/thread/tong-hop-mot-so-xe-o-to-dien-2019.3052473/> (referer: https://tinhte.vn/forums/xe-o-to.545/page-7)
2020-02-29 06:13:55 [scrapy.core.engine] DEBUG: Crawled (200) <GET https://tinhte.vn/thread/vi-tri-ngoi-tren-xe-o-to-phan-chia-theo-cap-bac-trong-cong-viec-co-dang-luu-tam-hay-khong.2761366/> (referer: https://tinhte.vn/forums/xe-o-to.545/page-7)
2020-02-29 06:14:12 [scrapy.core.engine] DEBUG: Crawled (200) <GET https://tinhte.vn/thread/toyota-va-lexus-thu-hoi-44-000-xe-doi-2019-2020-co-the-can-thay-may.3085486/> (referer: https://tinhte.vn/forums/xe-o-to.545/page-7)
2020-02-29 06:14:28 [scrapy.core.engine] DEBUG: Crawled (200) <GET https://tinhte.vn/thread/mazda-2-phien-ban-2020-sap-co-mat-o-viet-nam-nhieu-trang-bi-nhu-ben-thai.3081885/> (referer: https://tinhte.vn/forums/xe-o-to.545/page-7)
2020-02-29 06:15:49 [scrapy.extensions.logstats] INFO: Crawled 123 pages (at 4 pages/min), scraped 0 items (at 0 items/min)
2020-02-29 06:15:50 [scrapy.core.engine] DEBUG: Crawled (200) <GET https://tinhte.vn/thread/honda-city-2020-nha-hang-voi-hang-loat-cai-tien.3085381/> (referer: https://tinhte.vn/forums/xe-o-to.545/page-7)
2020-02-29 06:16:10 [scrapy.core.engine] DEBUG: Crawled (200) <GET https://tinhte.vn/thread/10-mau-xe-dat-tien-nhat-duoc-ban-dau-gia-tai-monterey-car-week-2019.3001277/> (referer: https://tinhte.vn/forums/xe-o-to.545/page-7)
2020-02-29 06:17:05 [scrapy.extensions.logstats] INFO: Crawled 125 pages (at 2 pages/min), scraped 0 items (at 0 items/min)
2020-02-29 06:17:06 [scrapy.core.engine] DEBUG: Crawled (200) <GET https://tinhte.vn/thread/chevrolet-thai-lan-giam-nua-gia-dan-tinh-do-xo-di-mua.3085846/> (referer: https://tinhte.vn/forums/xe-o-to.545/page-7)
2020-02-29 06:17:23 [scrapy.core.engine] DEBUG: Crawled (200) <GET https://tinhte.vn/thread/toyota-va-lexus-thu-hoi-44-000-xe-doi-2019-2020-co-the-can-thay-may.3085938/> (referer: https://tinhte.vn/forums/xe-o-to.545/page-7)
2020-02-29 06:17:35 [scrapy.extensions.logstats] INFO: Crawled 127 pages (at 2 pages/min), scraped 0 items (at 0 items/min)
2020-02-29 06:17:42 [scrapy.core.engine] DEBUG: Crawled (200) <GET https://tinhte.vn/thread/lexus-se-ra-mat-xe-tu-lai-trong-nam-2020.3085943/> (referer: https://tinhte.vn/forums/xe-o-to.545/page-7)
2020-02-29 06:18:03 [scrapy.core.engine] DEBUG: Crawled (200) <GET https://tinhte.vn/thread/huong-dan-lai-xe-jeep-so-san.3084440/> (referer: https://tinhte.vn/forums/xe-o-to.545/page-8)
2020-02-29 06:18:18 [scrapy.core.engine] DEBUG: Crawled (200) <GET https://tinhte.vn/thread/porsche-taycan.3084836/> (referer: https://tinhte.vn/forums/xe-o-to.545/page-8)
2020-02-29 06:18:31 [scrapy.core.engine] DEBUG: Crawled (200) <GET https://tinhte.vn/thread/kia-xceed-chinh-thuc-ra-mat.3084959/> (referer: https://tinhte.vn/forums/xe-o-to.545/page-8)
2020-02-29 06:18:42 [scrapy.extensions.logstats] INFO: Crawled 131 pages (at 4 pages/min), scraped 0 items (at 0 items/min)
2020-02-29 06:18:46 [scrapy.core.engine] DEBUG: Crawled (200) <GET https://tinhte.vn/thread/chiec-mercedes-300sl-doi-1961-ri-set-duoc-ban-voi-gia-800-000.3085038/> (referer: https://tinhte.vn/forums/xe-o-to.545/page-8)
2020-02-29 06:19:07 [scrapy.core.engine] DEBUG: Crawled (200) <GET https://tinhte.vn/forums/xe-o-to.545/page-9> (referer: https://tinhte.vn/forums/xe-o-to.545/page-8)
2020-02-29 06:19:28 [scrapy.core.engine] DEBUG: Crawled (200) <GET https://tinhte.vn/thread/video-huong-dan-di-xe-jeep.3084437/> (referer: https://tinhte.vn/forums/xe-o-to.545/page-8)
2020-02-29 06:19:35 [scrapy.extensions.logstats] INFO: Crawled 134 pages (at 3 pages/min), scraped 0 items (at 0 items/min)
2020-02-29 06:19:49 [scrapy.core.engine] DEBUG: Crawled (200) <GET https://tinhte.vn/thread/danh-gia-nhanh-phim-cach-nhiet-3m-crystalline-giam-loa-khong-bi-an-mon-cach-nhiet-tot.2800273/> (referer: https://tinhte.vn/forums/xe-o-to.545/page-8)
2020-02-29 06:22:48 [scrapy.extensions.logstats] INFO: Crawled 135 pages (at 1 pages/min), scraped 0 items (at 0 items/min)
2020-02-29 06:22:49 [scrapy.core.engine] DEBUG: Crawled (200) <GET https://tinhte.vn/thread/thong-so-ky-thuat-xe-kia-optima-2020-tai-viet-nam.3084531/> (referer: https://tinhte.vn/forums/xe-o-to.545/page-8)
2020-02-29 06:23:05 [scrapy.core.engine] DEBUG: Crawled (200) <GET https://tinhte.vn/thread/mot-xe-mazda-3-all-new-2019-gap-su-co-khi-thu-tinh-nang-phanh-khan-cap-loi-do-dau.3082819/> (referer: https://tinhte.vn/forums/xe-o-to.545/page-8)
2020-02-29 06:23:22 [scrapy.core.engine] DEBUG: Crawled (200) <GET https://tinhte.vn/thread/thu-apple-carplay-moi-tren-vinfast-fadil.2976178/> (referer: https://tinhte.vn/forums/xe-o-to.545/page-8)
2020-02-29 06:24:52 [scrapy.extensions.logstats] INFO: Crawled 138 pages (at 3 pages/min), scraped 0 items (at 0 items/min)
2020-02-29 06:24:54 [scrapy.core.engine] DEBUG: Crawled (200) <GET https://tinhte.vn/thread/moi-nguoi-cho-minh-hoi-gia-dinh-4-nguoi-2-vo-chong-lam-1-nam-du-duoc-tu-150tr-den-200tr-thi-mua.3083223/> (referer: https://tinhte.vn/forums/xe-o-to.545/page-8)
2020-02-29 06:25:13 [scrapy.core.engine] DEBUG: Crawled (200) <GET https://tinhte.vn/thread/toan-canh-thi-truong-o-to-thang-1-2020-suc-mua-thap-ky-luc.3084792/> (referer: https://tinhte.vn/forums/xe-o-to.545/page-8)
2020-02-29 06:25:35 [scrapy.extensions.logstats] INFO: Crawled 140 pages (at 2 pages/min), scraped 0 items (at 0 items/min)
2020-02-29 06:25:36 [scrapy.core.engine] DEBUG: Crawled (200) <GET https://tinhte.vn/thread/video-chi-tiet-ve-audi-a5-sportback-moi-mau-sedan-lai-coupe-tuyet-dep-gia-tu-2-1-ty.2699861/> (referer: https://tinhte.vn/forums/xe-o-to.545/page-8)
2020-02-29 06:31:15 [scrapy.extensions.logstats] INFO: Crawled 141 pages (at 1 pages/min), scraped 0 items (at 0 items/min)
2020-02-29 06:31:16 [scrapy.core.engine] DEBUG: Crawled (200) <GET https://tinhte.vn/thread/chevrolet-trailblazer-ra-mat-voi-dong-co-1-3l-tang-ap.3084813/> (referer: https://tinhte.vn/forums/xe-o-to.545/page-8)
2020-02-29 06:31:43 [scrapy.extensions.logstats] INFO: Crawled 142 pages (at 1 pages/min), scraped 0 items (at 0 items/min)
2020-02-29 06:31:44 [scrapy.core.engine] DEBUG: Crawled (200) <GET https://tinhte.vn/thread/mot-dong-co-o-to-bi-kich-no-vi-do-phai-xang-kem-chat-luong.3082241/> (referer: https://tinhte.vn/forums/xe-o-to.545/page-8)
2020-02-29 06:32:03 [scrapy.core.engine] DEBUG: Crawled (200) <GET https://tinhte.vn/thread/thong-so-ky-thuat-xe-kia-morning-2020-tai-viet-nam.3085206/> (referer: https://tinhte.vn/forums/xe-o-to.545/page-8)
2020-02-29 06:32:21 [scrapy.core.engine] DEBUG: Crawled (200) <GET https://tinhte.vn/thread/mercedes-benz-eq-concept-ra-mat.3085223/> (referer: https://tinhte.vn/forums/xe-o-to.545/page-8)
2020-02-29 06:32:53 [scrapy.extensions.logstats] INFO: Crawled 145 pages (at 3 pages/min), scraped 0 items (at 0 items/min)
2020-02-29 06:32:54 [scrapy.core.engine] DEBUG: Crawled (200) <GET https://tinhte.vn/thread/ket-noi-bluetooth-tren-xe-hoi-co-the-bi-mat-thong-tin-ca-nhan.3085044/> (referer: https://tinhte.vn/forums/xe-o-to.545/page-8)
2020-02-29 06:33:11 [scrapy.core.engine] DEBUG: Crawled (200) <GET https://tinhte.vn/thread/general-motors-rut-khoi-thai-lan-uc-va-new-zealand.3084882/> (referer: https://tinhte.vn/forums/xe-o-to.545/page-8)
2020-02-29 06:33:31 [scrapy.core.engine] DEBUG: Crawled (200) <GET https://tinhte.vn/thread/nguoi-dep-va-bmw-640i-gran-coupe-tu-nam-2013.3084897/> (referer: https://tinhte.vn/forums/xe-o-to.545/page-8)
2020-02-29 06:34:41 [scrapy.extensions.logstats] INFO: Crawled 148 pages (at 3 pages/min), scraped 0 items (at 0 items/min)
2020-02-29 06:34:42 [scrapy.core.engine] DEBUG: Crawled (200) <GET https://tinhte.vn/thread/video-made-in-modena-cau-chuyen-san-xuat-xe-cua-maserati.3084358/> (referer: https://tinhte.vn/forums/xe-o-to.545/page-9)
2020-02-29 06:35:00 [scrapy.core.engine] DEBUG: Crawled (200) <GET https://tinhte.vn/forums/xe-o-to.545/page-10> (referer: https://tinhte.vn/forums/xe-o-to.545/page-9)
2020-02-29 06:35:22 [scrapy.core.engine] DEBUG: Crawled (200) <GET https://tinhte.vn/thread/km-ky-niem-10-nam-tai-viet-nam-subaru-khuyen-mai-giam-gia-forester-den-180-trieu.3083194/> (referer: https://tinhte.vn/forums/xe-o-to.545/page-9)
2020-02-29 06:35:35 [scrapy.extensions.logstats] INFO: Crawled 151 pages (at 3 pages/min), scraped 0 items (at 0 items/min)
2020-02-29 06:35:45 [scrapy.core.engine] DEBUG: Crawled (200) <GET https://tinhte.vn/thread/chung-ta-co-nen-tin-tuong-vao-he-thong-phanh-tu-dong-khan-cap-trang-bi-tren-xe-hoi.2878374/> (referer: https://tinhte.vn/forums/xe-o-to.545/page-9)
2020-02-29 06:36:56 [scrapy.extensions.logstats] INFO: Crawled 152 pages (at 1 pages/min), scraped 0 items (at 0 items/min)
2020-02-29 06:36:56 [scrapy.core.engine] DEBUG: Crawled (200) <GET https://tinhte.vn/thread/doanh-so-mitsubishi-dut-doan-tang-truong-vi-dan-nghi-tet.3083368/> (referer: https://tinhte.vn/forums/xe-o-to.545/page-9)
2020-02-29 06:37:10 [scrapy.core.engine] DEBUG: Crawled (200) <GET https://tinhte.vn/thread/top5-thu-dang-chu-y-o-chiec-xe-pickup-dien-ro-nhat-the-gioi-tesla-cybertruck.3040807/> (referer: https://tinhte.vn/forums/xe-o-to.545/page-9)
2020-02-29 06:37:35 [scrapy.extensions.logstats] INFO: Crawled 154 pages (at 2 pages/min), scraped 0 items (at 0 items/min)
2020-02-29 06:37:36 [scrapy.core.engine] DEBUG: Crawled (200) <GET https://tinhte.vn/thread/can-hoi-ve-xem-video-usb-co-tieng-ko-hinh.3083674/> (referer: https://tinhte.vn/forums/xe-o-to.545/page-9)
2020-02-29 06:37:56 [scrapy.core.engine] DEBUG: Crawled (200) <GET https://tinhte.vn/thread/oto-fadil.3083718/> (referer: https://tinhte.vn/forums/xe-o-to.545/page-9)
2020-02-29 06:38:19 [scrapy.core.engine] DEBUG: Crawled (200) <GET https://tinhte.vn/thread/man-hinh-chay-android-8-1-cho-o-to-hang-noi-dia-trung-quoc-ba-dao-the-nao.3022117/> (referer: https://tinhte.vn/forums/xe-o-to.545/page-9)
2020-02-29 06:38:49 [scrapy.extensions.logstats] INFO: Crawled 157 pages (at 3 pages/min), scraped 0 items (at 0 items/min)
2020-02-29 06:38:50 [scrapy.core.engine] DEBUG: Crawled (200) <GET https://tinhte.vn/thread/android-auto-2019-nhieu-ung-dung-giao-dien-moi-hey-google.3009486/> (referer: https://tinhte.vn/forums/xe-o-to.545/page-9)
2020-02-29 06:39:08 [scrapy.core.engine] DEBUG: Crawled (200) <GET https://tinhte.vn/thread/ferrari-kien-to-chuc-tu-thien-doi-lay-ten-to-chuc-do-dat-cho-xe-suv-sap-ra-mat.3078180/> (referer: https://tinhte.vn/forums/xe-o-to.545/page-9)
2020-02-29 06:39:29 [scrapy.core.engine] DEBUG: Crawled (200) <GET https://tinhte.vn/thread/mazda-ky-niem-100-nam-thanh-lap-100-nam-zoom-zoom.3076121/> (referer: https://tinhte.vn/forums/xe-o-to.545/page-9)
2020-02-29 06:56:28 [scrapy.extensions.logstats] INFO: Crawled 160 pages (at 3 pages/min), scraped 0 items (at 0 items/min)
2020-02-29 06:56:29 [scrapy.core.engine] DEBUG: Crawled (200) <GET https://tinhte.vn/thread/tren-tay-garmin-e560-camera-hanh-trinh-tang-hinh-trong-xe.2824255/> (referer: https://tinhte.vn/forums/xe-o-to.545/page-9)
2020-02-29 06:57:30 [scrapy.extensions.logstats] INFO: Crawled 161 pages (at 1 pages/min), scraped 0 items (at 0 items/min)
2020-02-29 06:57:31 [scrapy.core.engine] DEBUG: Crawled (200) <GET https://tinhte.vn/thread/tren-tay-camera-hanh-trinh-vietmap-c65-kiem-tro-ly-nhac-thong-tin-giao-thong.3024259/> (referer: https://tinhte.vn/forums/xe-o-to.545/page-9)
2020-02-29 07:00:33 [scrapy.extensions.logstats] INFO: Crawled 162 pages (at 1 pages/min), scraped 0 items (at 0 items/min)
2020-02-29 07:00:34 [scrapy.core.engine] DEBUG: Crawled (200) <GET https://tinhte.vn/thread/hinh-anh-cung-ngam-xe-the-thao-bmw-z8-tu-2-thap-ky-truoc.3081304/> (referer: https://tinhte.vn/forums/xe-o-to.545/page-9)
2020-02-29 07:02:42 [scrapy.extensions.logstats] INFO: Crawled 163 pages (at 1 pages/min), scraped 0 items (at 0 items/min)
2020-02-29 07:02:43 [scrapy.core.engine] DEBUG: Crawled (200) <GET https://tinhte.vn/thread/tren-tay-toyota-camry-2-5q-2019.2990194/> (referer: https://tinhte.vn/forums/xe-o-to.545/page-9)
2020-02-29 07:09:19 [scrapy.extensions.logstats] INFO: Crawled 164 pages (at 1 pages/min), scraped 0 items (at 0 items/min)
2020-02-29 07:09:20 [scrapy.core.engine] DEBUG: Crawled (200) <GET https://tinhte.vn/thread/genesis-gv80-2020-chiec-suv-dau-tien-cua-hang-xe-hang-sang-hyundai.3084308/> (referer: https://tinhte.vn/forums/xe-o-to.545/page-9)
2020-02-29 07:10:01 [scrapy.extensions.logstats] INFO: Crawled 165 pages (at 1 pages/min), scraped 0 items (at 0 items/min)
2020-02-29 07:10:02 [scrapy.core.engine] DEBUG: Crawled (200) <GET https://tinhte.vn/thread/tren-tay-vava-dash-cam-do-choi-danh-cho-anh-em-thich-phuot-bang-xe-hoi.2788615/> (referer: https://tinhte.vn/forums/xe-o-to.545/page-9)
2020-02-29 07:11:59 [scrapy.extensions.logstats] INFO: Crawled 166 pages (at 1 pages/min), scraped 0 items (at 0 items/min)
2020-02-29 07:11:59 [scrapy.core.engine] DEBUG: Crawled (200) <GET https://tinhte.vn/forums/xe-o-to.545/page-11> (referer: https://tinhte.vn/forums/xe-o-to.545/page-10)
2020-02-29 07:12:22 [scrapy.core.engine] DEBUG: Crawled (200) <GET https://tinhte.vn/thread/hien-tai-kinh-te-em-dang-rat-va-ma-dc-ban-em-cho-con-geforce-gt-210.3082150/> (referer: https://tinhte.vn/forums/xe-o-to.545/page-10)
2020-02-29 07:12:35 [scrapy.extensions.logstats] INFO: Crawled 168 pages (at 2 pages/min), scraped 0 items (at 0 items/min)
2020-02-29 07:12:43 [scrapy.core.engine] DEBUG: Crawled (200) <GET https://tinhte.vn/thread/thong-so-ky-thuat-xe-lexus-nx-300-2020.3082246/> (referer: https://tinhte.vn/forums/xe-o-to.545/page-10)
2020-02-29 07:12:56 [scrapy.core.engine] DEBUG: Crawled (200) <GET https://tinhte.vn/thread/anh-em-hay-nho-dung-can-tro-duong-di-cua-nguoi-khac-nhe.3082138/> (referer: https://tinhte.vn/forums/xe-o-to.545/page-10)
2020-02-29 07:13:16 [scrapy.core.engine] DEBUG: Crawled (200) <GET https://tinhte.vn/thread/tren-tay-infiniti-qx50-2019-hoan-toan-moi-gia-khoang-2-440-ty.3080349/> (referer: https://tinhte.vn/forums/xe-o-to.545/page-10)
2020-02-29 07:18:13 [scrapy.extensions.logstats] INFO: Crawled 171 pages (at 3 pages/min), scraped 0 items (at 0 items/min)
2020-02-29 07:18:14 [scrapy.core.engine] DEBUG: Crawled (200) <GET https://tinhte.vn/thread/doanh-so-am-dam-mercedes-ngung-san-xuat-x-class-tu-thang-5-2020.3076348/> (referer: https://tinhte.vn/forums/xe-o-to.545/page-10)
2020-02-29 07:18:35 [scrapy.extensions.logstats] INFO: Crawled 172 pages (at 1 pages/min), scraped 0 items (at 0 items/min)
2020-02-29 07:18:36 [scrapy.core.engine] DEBUG: Crawled (200) <GET https://tinhte.vn/thread/cac-hang-o-to-trung-quoc-lan-san-san-xuat-khau-trang-chong-dich-virus-corona.3082378/> (referer: https://tinhte.vn/forums/xe-o-to.545/page-10)
2020-02-29 07:18:56 [scrapy.core.engine] DEBUG: Crawled (200) <GET https://tinhte.vn/thread/bmw-x5-2020-va-bmw-x6-2020-co-them-bien-the-moi.3082539/> (referer: https://tinhte.vn/forums/xe-o-to.545/page-10)
2020-02-29 07:19:18 [scrapy.core.engine] DEBUG: Crawled (200) <GET https://tinhte.vn/thread/audi-a5-va-s5-ra-mat.3082546/> (referer: https://tinhte.vn/forums/xe-o-to.545/page-10)
2020-02-29 07:20:10 [scrapy.extensions.logstats] INFO: Crawled 175 pages (at 3 pages/min), scraped 0 items (at 0 items/min)
2020-02-29 07:20:11 [scrapy.core.engine] DEBUG: Crawled (200) <GET https://tinhte.vn/thread/luong-cua-2-vo-chong-bao-nhieu-moi-co-the-mua-xe-hoi.2991349/> (referer: https://tinhte.vn/forums/xe-o-to.545/page-10)
2020-02-29 07:20:33 [scrapy.core.engine] DEBUG: Crawled (200) <GET https://tinhte.vn/thread/tren-tay-vietmap-idvr-p1-camera-hanh-trinh-kiem-he-thong-giam-sat-tu-xa-nhieu-tinh-nang-giai-tri.2845926/> (referer: https://tinhte.vn/forums/xe-o-to.545/page-10)
2020-02-29 07:23:40 [scrapy.extensions.logstats] INFO: Crawled 177 pages (at 2 pages/min), scraped 0 items (at 0 items/min)
2020-02-29 07:23:41 [scrapy.core.engine] DEBUG: Crawled (200) <GET https://tinhte.vn/thread/mercedes-benz-glc-200-co-phien-ban-moi-tai-viet-nam-dong-co-tien-nghi-moi-gia-tu-1-749-ty-dong.3081275/> (referer: https://tinhte.vn/forums/xe-o-to.545/page-10)
2020-02-29 07:25:23 [scrapy.extensions.logstats] INFO: Crawled 178 pages (at 1 pages/min), scraped 0 items (at 0 items/min)
2020-02-29 07:25:24 [scrapy.core.engine] DEBUG: Crawled (200) <GET https://tinhte.vn/thread/vinfast-bat-ngo-tang-gia-ban-ca-3-dong-xe-fadil-va-lux.3082653/> (referer: https://tinhte.vn/forums/xe-o-to.545/page-10)
2020-02-29 07:25:35 [scrapy.extensions.logstats] INFO: Crawled 179 pages (at 1 pages/min), scraped 0 items (at 0 items/min)
2020-02-29 07:25:40 [scrapy.core.engine] DEBUG: Crawled (200) <GET https://tinhte.vn/thread/mitsubishi-xpander-tiep-tuc-bo-xa-toyota-innova-thong-tri-phan-khuc-mpv-thang-01-2020.3082868/> (referer: https://tinhte.vn/forums/xe-o-to.545/page-10)
2020-02-29 07:25:56 [scrapy.core.engine] DEBUG: Crawled (200) <GET https://tinhte.vn/thread/nissan-tung-ra-5-ban-thu-am-gia-tieng-dong-co-cho-tre-em-de-ngu.3082143/> (referer: https://tinhte.vn/forums/xe-o-to.545/page-10)
2020-02-29 07:26:16 [scrapy.core.engine] DEBUG: Crawled (200) <GET https://tinhte.vn/thread/vinfast-bat-dau-tang-gia-tu-12-2-2020-ae-co-con-dam-me-nua-khong.3082364/> (referer: https://tinhte.vn/forums/xe-o-to.545/page-10)
2020-02-29 07:26:34 [scrapy.core.engine] DEBUG: Crawled (200) <GET https://tinhte.vn/thread/danh-gia-mobileye-630-cong-nghe-canh-bao-va-cham-som-cho-xe-o-to.2941811/> (referer: https://tinhte.vn/forums/xe-o-to.545/page-10)
2020-02-29 07:26:59 [scrapy.extensions.logstats] INFO: Crawled 183 pages (at 4 pages/min), scraped 0 items (at 0 items/min)
2020-02-29 07:27:00 [scrapy.core.engine] DEBUG: Crawled (200) <GET https://tinhte.vn/forums/xe-o-to.545/page-12> (referer: https://tinhte.vn/forums/xe-o-to.545/page-11)
2020-02-29 07:27:00 [scrapy.dupefilters] DEBUG: Filtered duplicate request: <GET https://tinhte.vn/thread/chi-tiet-hino-fc-6-5t-thung-6-7m-inox-bung-nhom-nang-cap-toan-dien-chat-luongtham-my-thung.3081172/> - no more duplicates will be shown (see DUPEFILTER_DEBUG to show all duplicates)
2020-02-29 07:27:19 [scrapy.core.engine] DEBUG: Crawled (200) <GET https://tinhte.vn/thread/chi-tiet-hino-fc-6-5t-thung-6-7m-inox-bung-nhom-nang-cap-toan-dien-chat-luongtham-my-thung.3081172/> (referer: https://tinhte.vn/forums/xe-o-to.545/page-11)
2020-02-29 07:27:35 [scrapy.extensions.logstats] INFO: Crawled 185 pages (at 2 pages/min), scraped 0 items (at 0 items/min)
2020-02-29 07:27:41 [scrapy.core.engine] DEBUG: Crawled (200) <GET https://tinhte.vn/thread/cac-bac-oi-giua-vios-g-2020-va-madza-2-sedan-2019-2020-nhap-thai-em-nen-chon-ben-nao-a-may-hom-n.3081253/> (referer: https://tinhte.vn/forums/xe-o-to.545/page-11)
2020-02-29 07:28:03 [scrapy.core.engine] DEBUG: Crawled (200) <GET https://tinhte.vn/thread/lexus-nx-300-2020-co-gia-2-56-ti-dong-tai-viet-nam.3081339/> (referer: https://tinhte.vn/forums/xe-o-to.545/page-11)
2020-02-29 07:28:24 [scrapy.core.engine] DEBUG: Crawled (200) <GET https://tinhte.vn/thread/chao-may-che-tinh-hinh-la-minh-can-lay-bang-lai-xe-nang-che-nao-biet-cho-nao-day-lai-xe-nang-huy.3081376/> (referer: https://tinhte.vn/forums/xe-o-to.545/page-11)
2020-02-29 07:28:32 [scrapy.core.engine] DEBUG: Crawled (200) <GET https://tinhte.vn/thread/nam-2019-lamborghini-ban-duoc-gan-5-000-chiec-urus-chiem-61-tong-doanh-so.3071665/> (referer: https://tinhte.vn/forums/xe-o-to.545/page-11)
2020-02-29 07:28:38 [scrapy.extensions.logstats] INFO: Crawled 189 pages (at 4 pages/min), scraped 0 items (at 0 items/min)
2020-02-29 07:28:53 [scrapy.core.engine] DEBUG: Crawled (200) <GET https://tinhte.vn/thread/co-phieu-tang-vot-gia-tri-co-phan-cua-elon-musk-o-tesla-hien-dang-la-30-ty-usd.3078657/> (referer: https://tinhte.vn/forums/xe-o-to.545/page-11)
2020-02-29 07:29:06 [scrapy.core.engine] DEBUG: Crawled (200) <GET https://tinhte.vn/thread/mercedes-benz-v-class-co-ban-maybach-tai-viet-nam.3081623/> (referer: https://tinhte.vn/forums/xe-o-to.545/page-11)
2020-02-29 07:29:24 [scrapy.core.engine] DEBUG: Crawled (200) <GET https://tinhte.vn/thread/anh-em-co-quan-tam-va-de-y-den-vo-lop-xe-khong.3081681/> (referer: https://tinhte.vn/forums/xe-o-to.545/page-11)
2020-02-29 07:29:35 [scrapy.extensions.logstats] INFO: Crawled 192 pages (at 3 pages/min), scraped 0 items (at 0 items/min)
2020-02-29 07:29:45 [scrapy.core.engine] DEBUG: Crawled (200) <GET https://tinhte.vn/thread/xe-co-jdm-toyota-celica-1995.3081723/> (referer: https://tinhte.vn/forums/xe-o-to.545/page-11)
2020-02-29 07:29:58 [scrapy.core.engine] DEBUG: Crawled (200) <GET https://tinhte.vn/thread/co-the-xem-giai-dua-thailand-super-series-trong-khuon-kho-chang-dua-f1-ha-noi-2020.3061213/> (referer: https://tinhte.vn/forums/xe-o-to.545/page-11)
2020-02-29 07:30:25 [scrapy.core.engine] DEBUG: Crawled (200) <GET https://tinhte.vn/thread/bmw-x5-ban-chong-dan.3081636/> (referer: https://tinhte.vn/forums/xe-o-to.545/page-11)
2020-02-29 07:31:07 [scrapy.extensions.logstats] INFO: Crawled 195 pages (at 3 pages/min), scraped 0 items (at 0 items/min)
2020-02-29 07:31:08 [scrapy.core.engine] DEBUG: Crawled (200) <GET https://tinhte.vn/thread/ban-2-34-trieu-xe-trong-nam-2019-mercedes-benz-van-dung-so-1-ve-xe-sang.3064163/> (referer: https://tinhte.vn/forums/xe-o-to.545/page-11)
2020-02-29 07:31:28 [scrapy.core.engine] DEBUG: Crawled (200) <GET https://tinhte.vn/thread/nissan-xtrail-2020-alo-0979200986.3081903/> (referer: https://tinhte.vn/forums/xe-o-to.545/page-11)
2020-02-29 07:31:35 [scrapy.extensions.logstats] INFO: Crawled 197 pages (at 2 pages/min), scraped 0 items (at 0 items/min)
2020-02-29 07:31:46 [scrapy.core.engine] DEBUG: Crawled (200) <GET https://tinhte.vn/thread/hoc-phi-bang-lai-o-to-se-tang-2-3-lan-trong-nam-2020-quy-trinh-hoc-cung-se-gat-gao-hon.3057147/> (referer: https://tinhte.vn/forums/xe-o-to.545/page-11)
2020-02-29 07:31:59 [scrapy.core.engine] DEBUG: Crawled (200) <GET https://tinhte.vn/thread/noi-that-kia-sorento-2021-lo-dien-xin-xo-va-chat-hon.3082077/> (referer: https://tinhte.vn/forums/xe-o-to.545/page-11)
2020-02-29 07:32:12 [scrapy.core.engine] DEBUG: Crawled (200) <GET https://tinhte.vn/thread/mazda3-2020-bi-trieu-hoi-vi-loi-lien-quan-den-he-thong-phanh-khan-cap.3050569/> (referer: https://tinhte.vn/forums/xe-o-to.545/page-11)
2020-02-29 07:32:29 [scrapy.core.engine] DEBUG: Crawled (200) <GET https://tinhte.vn/forums/xe-o-to.545/page-13> (referer: https://tinhte.vn/forums/xe-o-to.545/page-12)
2020-02-29 07:32:35 [scrapy.extensions.logstats] INFO: Crawled 201 pages (at 4 pages/min), scraped 0 items (at 0 items/min)
2020-02-29 07:32:49 [scrapy.core.engine] DEBUG: Crawled (200) <GET https://tinhte.vn/thread/xe-nang-dien-dung-lai-nichiyu-fbrm14-h75-2011-v4000.3079755/> (referer: https://tinhte.vn/forums/xe-o-to.545/page-12)
2020-02-29 07:33:09 [scrapy.core.engine] DEBUG: Crawled (200) <GET https://tinhte.vn/thread/tren-tay-bmw-330i-g20-do-gan-1-ty-dong.3054528/> (referer: https://tinhte.vn/forums/xe-o-to.545/page-12)
2020-02-29 07:36:24 [scrapy.extensions.logstats] INFO: Crawled 203 pages (at 2 pages/min), scraped 0 items (at 0 items/min)
2020-02-29 07:36:25 [scrapy.core.engine] DEBUG: Crawled (200) <GET https://tinhte.vn/thread/suv-thuong-mai-nhanh-nhat-the-gioi.3079765/> (referer: https://tinhte.vn/forums/xe-o-to.545/page-12)
2020-02-29 07:36:59 [scrapy.extensions.logstats] INFO: Crawled 204 pages (at 1 pages/min), scraped 0 items (at 0 items/min)
2020-02-29 07:37:00 [scrapy.core.engine] DEBUG: Crawled (200) <GET https://tinhte.vn/thread/giai-dua-f1-co-the-bo-qua-chang-dau-tai-trung-quoc-vi-dich-corona.3079802/> (referer: https://tinhte.vn/forums/xe-o-to.545/page-12)
2020-02-29 07:37:22 [scrapy.core.engine] DEBUG: Crawled (200) <GET https://tinhte.vn/thread/vi-sao-hop-so-cvt-tiet-kiem-xang.3079698/> (referer: https://tinhte.vn/forums/xe-o-to.545/page-12)
2020-02-29 07:37:35 [scrapy.core.engine] DEBUG: Crawled (200) <GET https://tinhte.vn/thread/xuyen-viet-truoc-tuoi-30.3078184/> (referer: https://tinhte.vn/forums/xe-o-to.545/page-12)
2020-02-29 07:37:35 [scrapy.extensions.logstats] INFO: Crawled 207 pages (at 3 pages/min), scraped 0 items (at 0 items/min)
2020-02-29 07:38:11 [scrapy.core.engine] DEBUG: Crawled (200) <GET https://tinhte.vn/thread/co-2-ty-gio-mua-tiguan-allspace-cho-ca-nha-hay-1-xpander-cho-nha-1-triton-cho-ban-than-con-du.3080164/> (referer: https://tinhte.vn/forums/xe-o-to.545/page-12)
2020-02-29 07:38:33 [scrapy.core.engine] DEBUG: Crawled (200) <GET https://tinhte.vn/thread/nguoi-dung-chia-se-mot-cam-giac-thoai-mai-an-toan-va-tien-nghi-cho-bimmer-voi-bmw-laser-light.3077438/> (referer: https://tinhte.vn/forums/xe-o-to.545/page-12)
2020-02-29 07:39:03 [scrapy.extensions.logstats] INFO: Crawled 209 pages (at 2 pages/min), scraped 0 items (at 0 items/min)
2020-02-29 07:39:05 [scrapy.core.engine] DEBUG: Crawled (200) <GET https://tinhte.vn/thread/chao-moi-nguoi-e-muon-hoc-lai-xe-bang-b2-ma-o-tp-hcm-co-qua-nhieu-truong-lam-em-gap-roi-de-chon-tru.3080253/> (referer: https://tinhte.vn/forums/xe-o-to.545/page-12)
2020-02-29 07:39:24 [scrapy.core.engine] DEBUG: Crawled (200) <GET https://tinhte.vn/thread/ford-tung-ra-mau-xe-dia-hinh-co-nho-troller-tx4.3079772/> (referer: https://tinhte.vn/forums/xe-o-to.545/page-12)
2020-02-29 07:40:21 [scrapy.extensions.logstats] INFO: Crawled 211 pages (at 2 pages/min), scraped 0 items (at 0 items/min)
2020-02-29 07:40:22 [scrapy.core.engine] DEBUG: Crawled (200) <GET https://tinhte.vn/thread/10-mau-xe-tot-nhat-cho-gia-dinh-co-tre-nho.3080329/> (referer: https://tinhte.vn/forums/xe-o-to.545/page-12)
2020-02-29 07:41:13 [scrapy.extensions.logstats] INFO: Crawled 212 pages (at 1 pages/min), scraped 0 items (at 0 items/min)
2020-02-29 07:41:14 [scrapy.core.engine] DEBUG: Crawled (200) <GET https://tinhte.vn/thread/hyundai-santa-fe-2020-nang-cap-se-co-bien-the-moi.3080351/> (referer: https://tinhte.vn/forums/xe-o-to.545/page-12)
2020-02-29 07:41:34 [scrapy.core.engine] DEBUG: Crawled (200) <GET https://tinhte.vn/thread/lamborghini-tam-biet-geneva-motor-show-2020-vi-sao-nhu-vay.3071662/> (referer: https://tinhte.vn/forums/xe-o-to.545/page-12)
2020-02-29 07:41:40 [scrapy.extensions.logstats] INFO: Crawled 214 pages (at 2 pages/min), scraped 0 items (at 0 items/min)
2020-02-29 07:41:51 [scrapy.core.engine] DEBUG: Crawled (200) <GET https://tinhte.vn/thread/land-rover-da-chinh-thuc-trinh-lang-discovery-sport-2020.3080361/> (referer: https://tinhte.vn/forums/xe-o-to.545/page-12)
2020-02-29 07:43:14 [scrapy.extensions.logstats] INFO: Crawled 215 pages (at 1 pages/min), scraped 0 items (at 0 items/min)
2020-02-29 07:43:15 [scrapy.core.engine] DEBUG: Crawled (200) <GET https://tinhte.vn/thread/toyota-gioi-thieu-cong-nghe-an-toan-moi-giup-ngan-chan-tai-nan-do-nham-hoac-co-tinh-dap-manh-chan-ga.3077592/> (referer: https://tinhte.vn/forums/xe-o-to.545/page-12)
2020-02-29 07:43:46 [scrapy.extensions.logstats] INFO: Crawled 216 pages (at 1 pages/min), scraped 0 items (at 0 items/min)
2020-02-29 07:43:47 [scrapy.core.engine] DEBUG: Crawled (200) <GET https://tinhte.vn/thread/video-xem-quang-cao-cua-cac-hang-xe-phat-hanh-dip-super-bowl-2020-o-my.3077582/> (referer: https://tinhte.vn/forums/xe-o-to.545/page-12)
2020-02-29 07:44:05 [scrapy.core.engine] DEBUG: Crawled (200) <GET https://tinhte.vn/forums/xe-o-to.545/page-14> (referer: https://tinhte.vn/forums/xe-o-to.545/page-13)
2020-02-29 07:44:20 [scrapy.core.engine] DEBUG: Crawled (200) <GET https://tinhte.vn/thread/lexus-dat-doanh-so-ban-hang-ky-luc-trong-nam-2019-765-330-chiec-tren-toan-cau.3077161/> (referer: https://tinhte.vn/forums/xe-o-to.545/page-13)
2020-02-29 07:44:46 [scrapy.extensions.logstats] INFO: Crawled 219 pages (at 3 pages/min), scraped 0 items (at 0 items/min)
2020-02-29 07:44:47 [scrapy.core.engine] DEBUG: Crawled (200) <GET https://tinhte.vn/thread/range-rover-evoque-2020-the-he-thu-hai.3078724/> (referer: https://tinhte.vn/forums/xe-o-to.545/page-13)
2020-02-29 07:45:15 [scrapy.core.engine] DEBUG: Crawled (200) <GET https://tinhte.vn/thread/mazda-3-2020-vua-ra-mat-da-gap-van-de-ve-phanh-khan-cap.3078735/> (referer: https://tinhte.vn/forums/xe-o-to.545/page-13)
2020-02-29 07:45:35 [scrapy.extensions.logstats] INFO: Crawled 221 pages (at 2 pages/min), scraped 0 items (at 0 items/min)
2020-02-29 07:45:36 [scrapy.core.engine] DEBUG: Crawled (200) <GET https://tinhte.vn/thread/bugatti-van-se-trung-thanh-voi-dong-co-dot-trong-w16-8-0l-du-xu-huong-xe-dien-dang-la-mot.3076727/> (referer: https://tinhte.vn/forums/xe-o-to.545/page-13)
2020-02-29 07:46:07 [scrapy.core.engine] DEBUG: Crawled (200) <GET https://tinhte.vn/thread/anh-em-thich-mau-vang-ko.3077633/> (referer: https://tinhte.vn/forums/xe-o-to.545/page-13)
2020-02-29 07:46:29 [scrapy.core.engine] DEBUG: Crawled (200) <GET https://tinhte.vn/thread/do-xe-gan-racechip-cam-bien-chan-ga-giai-phap-nho-de-co-che-do-sport-tren-xe-hoi.2662853/> (referer: https://tinhte.vn/forums/xe-o-to.545/page-13)
2020-02-29 07:46:39 [scrapy.extensions.logstats] INFO: Crawled 224 pages (at 3 pages/min), scraped 0 items (at 0 items/min)
2020-02-29 07:46:46 [scrapy.core.engine] DEBUG: Crawled (200) <GET https://tinhte.vn/thread/hoi-tinh-te-anh-em-cam-nhan-ra-sao-khi-chay-thu-mitsubishi-xpander.2899885/> (referer: https://tinhte.vn/forums/xe-o-to.545/page-13)
2020-02-29 07:47:07 [scrapy.core.engine] DEBUG: Crawled (200) <GET https://tinhte.vn/thread/thi-truong-o-to-trung-quoc-thang-hoa-nho-sars-tan-lui-vi-corona.3078903/> (referer: https://tinhte.vn/forums/xe-o-to.545/page-13)
2020-02-29 07:47:29 [scrapy.core.engine] DEBUG: Crawled (200) <GET https://tinhte.vn/thread/toyota-va-panasonic-hop-tac-san-xuat-pin-o-to-dien.3077299/> (referer: https://tinhte.vn/forums/xe-o-to.545/page-13)
2020-02-29 07:47:35 [scrapy.extensions.logstats] INFO: Crawled 227 pages (at 3 pages/min), scraped 0 items (at 0 items/min)
2020-02-29 07:47:48 [scrapy.core.engine] DEBUG: Crawled (200) <GET https://tinhte.vn/thread/toyota-land-cruiser-hoan-toan-moi-co-the-se-ra-mat-thang-08-2020.3071802/> (referer: https://tinhte.vn/forums/xe-o-to.545/page-13)
2020-02-29 07:48:19 [scrapy.core.engine] DEBUG: Crawled (200) <GET https://tinhte.vn/thread/ford-che-tao-dai-oc-khoa-banh-xe-chong-trom-bang-cong-nghe-in-3d-ca-nhan-hoa-bang-giong-noi-chu-xe.3076777/> (referer: https://tinhte.vn/forums/xe-o-to.545/page-13)
2020-02-29 07:49:05 [scrapy.extensions.logstats] INFO: Crawled 229 pages (at 2 pages/min), scraped 0 items (at 0 items/min)
2020-02-29 07:49:06 [scrapy.core.engine] DEBUG: Crawled (200) <GET https://tinhte.vn/thread/dong-o-to-moi-cua-ty-phu-pham-nhat-vuong-se-ra-mat-trong-nam-nay.3079067/> (referer: https://tinhte.vn/forums/xe-o-to.545/page-13)
2020-02-29 07:49:25 [scrapy.core.engine] DEBUG: Crawled (200) <GET https://tinhte.vn/thread/viet-nam-van-con-78-xe-volkswagen-tiguan-loi-he-thong-treo.3079177/> (referer: https://tinhte.vn/forums/xe-o-to.545/page-13)
2020-02-29 07:49:35 [scrapy.extensions.logstats] INFO: Crawled 231 pages (at 2 pages/min), scraped 0 items (at 0 items/min)
2020-02-29 07:49:46 [scrapy.core.engine] DEBUG: Crawled (200) <GET https://tinhte.vn/thread/mau-xe-mui-tran-porsche-911-cabriolet-2020.3079180/> (referer: https://tinhte.vn/forums/xe-o-to.545/page-13)
2020-02-29 07:50:19 [scrapy.core.engine] DEBUG: Crawled (200) <GET https://tinhte.vn/thread/bao-hiem-hang-khong-vni-lam-an-mat-uy-tin-lua-dao.3079280/> (referer: https://tinhte.vn/forums/xe-o-to.545/page-13)
2020-02-29 07:50:28 [scrapy.core.engine] DEBUG: Crawled (200) <GET https://tinhte.vn/thread/subaru-forester-2020-the-he-moi-duoc-hang-loat-giai-thuong-o-chau-au-ly-do-vi-sao.3077043/> (referer: https://tinhte.vn/forums/xe-o-to.545/page-13)
2020-02-29 07:52:10 [scrapy.extensions.logstats] INFO: Crawled 234 pages (at 3 pages/min), scraped 0 items (at 0 items/min)
2020-02-29 07:52:10 [scrapy.core.engine] DEBUG: Crawled (200) <GET https://tinhte.vn/forums/xe-o-to.545/page-15> (referer: https://tinhte.vn/forums/xe-o-to.545/page-14)
2020-02-29 07:52:33 [scrapy.core.engine] DEBUG: Crawled (200) <GET https://tinhte.vn/thread/co-chuyen-gi-voi-chiec-xe.3064315/> (referer: https://tinhte.vn/forums/xe-o-to.545/page-14)
2020-02-29 07:52:35 [scrapy.extensions.logstats] INFO: Crawled 236 pages (at 2 pages/min), scraped 0 items (at 0 items/min)
2020-02-29 07:52:42 [scrapy.core.engine] DEBUG: Crawled (200) <GET https://tinhte.vn/thread/nhan-dang-xe-vinfast-rat-tot.3062579/> (referer: https://tinhte.vn/forums/xe-o-to.545/page-14)
2020-02-29 07:52:59 [scrapy.core.engine] DEBUG: Crawled (200) <GET https://tinhte.vn/thread/tesla-ho-tro-nguoi-dung-xe-dien-trong-dich-benh-virus-corona-viem-phoi-vu-han.3076435/> (referer: https://tinhte.vn/forums/xe-o-to.545/page-14)
2020-02-29 07:53:25 [scrapy.core.engine] DEBUG: Crawled (200) <GET https://tinhte.vn/thread/general-motors-hoi-sinh-hummer-duoi-dang-xe-dien-manh-1-000-ma-luc.3076035/> (referer: https://tinhte.vn/forums/xe-o-to.545/page-14)
2020-02-29 07:53:35 [scrapy.extensions.logstats] INFO: Crawled 239 pages (at 3 pages/min), scraped 0 items (at 0 items/min)
2020-02-29 07:53:45 [scrapy.core.engine] DEBUG: Crawled (200) <GET https://tinhte.vn/thread/tesla-bat-dau-san-xuat-model-y-giao-xe-vao-thang-03-2020-tang-pham-vi-hoat-dong-len-507km.3076389/> (referer: https://tinhte.vn/forums/xe-o-to.545/page-14)
2020-02-29 07:54:11 [scrapy.core.engine] DEBUG: Crawled (200) <GET https://tinhte.vn/thread/mazda-rx-9-dang-duoc-phat-trien-khong-con-dung-dong-co-xoay.3076037/> (referer: https://tinhte.vn/forums/xe-o-to.545/page-14)
2020-02-29 07:54:32 [scrapy.core.engine] DEBUG: Crawled (200) <GET https://tinhte.vn/thread/tren-tay-subaru-forester-2-0-i-s-2019.2994795/> (referer: https://tinhte.vn/forums/xe-o-to.545/page-14)
2020-02-29 08:00:12 [scrapy.extensions.logstats] INFO: Crawled 242 pages (at 3 pages/min), scraped 0 items (at 0 items/min)
2020-02-29 08:00:13 [scrapy.core.engine] DEBUG: Crawled (200) <GET https://tinhte.vn/thread/trung-quoc-yeu-cau-nha-may-san-xuat-xe-tesla-o-thuong-hai-tam-dong-cua-10-ngay-vi-dich-coronavirus.3076055/> (referer: https://tinhte.vn/forums/xe-o-to.545/page-14)
2020-02-29 08:00:33 [scrapy.core.engine] DEBUG: Crawled (200) <GET https://tinhte.vn/thread/subaru-challenge-2019-thi-cham-xe-thang-xe-ban-viet-nam-dung-gan-77-tieng-ve-nhi.3034729/> (referer: https://tinhte.vn/forums/xe-o-to.545/page-14)
2020-02-29 08:02:30 [scrapy.extensions.logstats] INFO: Crawled 244 pages (at 2 pages/min), scraped 0 items (at 0 items/min)
2020-02-29 08:02:31 [scrapy.core.engine] DEBUG: Crawled (200) <GET https://tinhte.vn/thread/tren-tay-noble-klasse-solati-s11-xe-do-limousine-cao-cap-tu-han-quoc.3059968/> (referer: https://tinhte.vn/forums/xe-o-to.545/page-14)
2020-02-29 08:06:47 [scrapy.extensions.logstats] INFO: Crawled 245 pages (at 1 pages/min), scraped 0 items (at 0 items/min)
2020-02-29 08:06:49 [scrapy.core.engine] DEBUG: Crawled (200) <GET https://tinhte.vn/thread/trieu-hoi-612-xe-mitsubishi-triton-gls-bi-loi-tai-viet-nam.3077398/> (referer: https://tinhte.vn/forums/xe-o-to.545/page-14)
2020-02-29 08:07:07 [scrapy.core.engine] DEBUG: Crawled (200) <GET https://tinhte.vn/thread/lexus-se-gioi-thieu-chiec-xe-dien-dau-tien-cua-minh-vao-ngay-22-thang-11.3037207/> (referer: https://tinhte.vn/forums/xe-o-to.545/page-14)
2020-02-29 08:08:18 [scrapy.extensions.logstats] INFO: Crawled 247 pages (at 2 pages/min), scraped 0 items (at 0 items/min)
2020-02-29 08:08:19 [scrapy.core.engine] DEBUG: Crawled (200) <GET https://tinhte.vn/thread/honda-viet-nam-tang-truong-22-doanh-so-xe-hoi-6-xe-may-nam-2019-nho-nhung-san-pham-chu-luc.3070763/> (referer: https://tinhte.vn/forums/xe-o-to.545/page-14)
2020-02-29 08:08:44 [scrapy.extensions.logstats] INFO: Crawled 248 pages (at 1 pages/min), scraped 0 items (at 0 items/min)
2020-02-29 08:08:45 [scrapy.core.engine] DEBUG: Crawled (200) <GET https://tinhte.vn/thread/thong-tin-ve-xe-subaru-forester.3077487/> (referer: https://tinhte.vn/forums/xe-o-to.545/page-14)
2020-02-29 08:09:24 [scrapy.core.engine] DEBUG: Crawled (200) <GET https://tinhte.vn/thread/video-xem-12-chiec-xe-the-thao-hap-dan-cung-dua-voi-nhau-tren-duong-bang-san-bay.3076979/> (referer: https://tinhte.vn/forums/xe-o-to.545/page-14)
2020-02-29 08:11:00 [scrapy.extensions.logstats] INFO: Crawled 250 pages (at 2 pages/min), scraped 0 items (at 0 items/min)
2020-02-29 08:11:01 [scrapy.core.engine] DEBUG: Crawled (200) <GET https://tinhte.vn/thread/bat-gap-genesis-g80-sport.3078240/> (referer: https://tinhte.vn/forums/xe-o-to.545/page-14)
2020-02-29 08:11:40 [scrapy.extensions.logstats] INFO: Crawled 251 pages (at 1 pages/min), scraped 0 items (at 0 items/min)
2020-02-29 08:11:40 [scrapy.core.engine] DEBUG: Crawled (200) <GET https://tinhte.vn/forums/xe-o-to.545/page-16> (referer: https://tinhte.vn/forums/xe-o-to.545/page-15)
2020-02-29 08:11:58 [scrapy.core.engine] DEBUG: Crawled (200) <GET https://tinhte.vn/thread/dang-phan-van-mua-xe-giua-con-huyndai-kona-va-xpander.2998714/> (referer: https://tinhte.vn/forums/xe-o-to.545/page-15)
2020-02-29 08:12:21 [scrapy.core.engine] DEBUG: Crawled (200) <GET https://tinhte.vn/thread/toyota-yaris-gr-2021-chiec-hatchback-the-thao-voi-dong-co-i3-manh-nhat-the-gioi.3064175/> (referer: https://tinhte.vn/forums/xe-o-to.545/page-15)
2020-02-29 08:13:37 [scrapy.extensions.logstats] INFO: Crawled 254 pages (at 3 pages/min), scraped 0 items (at 0 items/min)
2020-02-29 08:13:38 [scrapy.core.engine] DEBUG: Crawled (200) <GET https://tinhte.vn/thread/tong-hop-10-mau-xe-o-to-moi-hap-dan-du-kien-se-trinh-lang-tai-viet-nam-trong-nam-2020.3066172/> (referer: https://tinhte.vn/forums/xe-o-to.545/page-15)
2020-02-29 08:17:46 [scrapy.extensions.logstats] INFO: Crawled 255 pages (at 1 pages/min), scraped 0 items (at 0 items/min)
2020-02-29 08:17:47 [scrapy.core.engine] DEBUG: Crawled (200) <GET https://tinhte.vn/thread/cach-chay-xe-o-to-tiet-kiem-xang-ma-90-nguoi-dung-chua-biet.3075668/> (referer: https://tinhte.vn/forums/xe-o-to.545/page-15)
2020-02-29 08:19:01 [scrapy.extensions.logstats] INFO: Crawled 256 pages (at 1 pages/min), scraped 0 items (at 0 items/min)
2020-02-29 08:19:02 [scrapy.core.engine] DEBUG: Crawled (200) <GET https://tinhte.vn/thread/lich-su-chiec-xe-o-to-dau-tien-tren-the-gioi.3074494/> (referer: https://tinhte.vn/forums/xe-o-to.545/page-15)
2020-02-29 08:20:04 [scrapy.extensions.logstats] INFO: Crawled 257 pages (at 1 pages/min), scraped 0 items (at 0 items/min)
2020-02-29 08:20:05 [scrapy.core.engine] DEBUG: Crawled (200) <GET https://tinhte.vn/thread/hoi-tinh-te-nen-tu-choi-the-nao-cho-tinh-te-khi-bi-ep-uong-ruou-bia.2911837/> (referer: https://tinhte.vn/forums/xe-o-to.545/page-15)
2020-02-29 08:20:27 [scrapy.core.engine] DEBUG: Crawled (200) <GET https://tinhte.vn/thread/tesla-dat-tong-gia-tri-von-hoa-104-5-ty-usd-vuot-qua-volkswagen-hon-ca-ford-va-gm-cong-lai.3072314/> (referer: https://tinhte.vn/forums/xe-o-to.545/page-15)
2020-02-29 08:20:47 [scrapy.extensions.logstats] INFO: Crawled 259 pages (at 2 pages/min), scraped 0 items (at 0 items/min)
2020-02-29 08:20:48 [scrapy.core.engine] DEBUG: Crawled (200) <GET https://tinhte.vn/thread/chup-anh-cot-de-xe-cho-khoi-quen.3075939/> (referer: https://tinhte.vn/forums/xe-o-to.545/page-15)
2020-02-29 08:21:11 [scrapy.core.engine] DEBUG: Crawled (200) <GET https://tinhte.vn/thread/xe-tesla-gio-da-co-the-tu-chuyen-lan-ma-khong-can-con-nguoi-xac-nhan.2937661/> (referer: https://tinhte.vn/forums/xe-o-to.545/page-15)
2020-02-29 08:21:27 [scrapy.core.engine] DEBUG: Crawled (200) <GET https://tinhte.vn/thread/tesla-model-3-dang-o-che-do-autopilot-dam-vao-xe-tai-va-phat-no.2998958/> (referer: https://tinhte.vn/forums/xe-o-to.545/page-15)
2020-02-29 08:21:35 [scrapy.extensions.logstats] INFO: Crawled 262 pages (at 3 pages/min), scraped 0 items (at 0 items/min)
2020-02-29 08:21:46 [scrapy.core.engine] DEBUG: Crawled (200) <GET https://tinhte.vn/thread/tong-thong-my-cho-biet-ong-khong-tin-tuong-xe-tu-hanh.2931738/> (referer: https://tinhte.vn/forums/xe-o-to.545/page-15)
2020-02-29 08:21:59 [scrapy.core.engine] DEBUG: Crawled (200) <GET https://tinhte.vn/thread/cac-bac-cho-em-hoi-la-duoi-500tr-hoac-nhinh-hon-thi-em-co-the-mua-xe-loai-nho-nao-tot-a-em-cam-on.3076417/> (referer: https://tinhte.vn/forums/xe-o-to.545/page-15)
2020-02-29 08:22:19 [scrapy.core.engine] DEBUG: Crawled (200) <GET https://tinhte.vn/thread/hummer-se-tro-lai-nhu-mot-thuong-hieu-xe-dien-vao-nam-2021.3028231/> (referer: https://tinhte.vn/forums/xe-o-to.545/page-15)
2020-02-29 08:22:35 [scrapy.extensions.logstats] INFO: Crawled 265 pages (at 3 pages/min), scraped 0 items (at 0 items/min)
2020-02-29 08:22:39 [scrapy.core.engine] DEBUG: Crawled (200) <GET https://tinhte.vn/thread/hoi-dap.3076769/> (referer: https://tinhte.vn/forums/xe-o-to.545/page-15)
2020-02-29 08:22:58 [scrapy.core.engine] DEBUG: Crawled (200) <GET https://tinhte.vn/thread/nho-tu-van-bang-lai-xe-o-to-b2.3076194/> (referer: https://tinhte.vn/forums/xe-o-to.545/page-15)
2020-02-29 08:23:19 [scrapy.core.engine] DEBUG: Crawled (200) <GET https://tinhte.vn/thread/tet20-vai-luu-y-tham-gia-giao-thong-sau-tet-an-toan-y-thuc-va-tinh-te.3075584/> (referer: https://tinhte.vn/forums/xe-o-to.545/page-15)
2020-02-29 08:23:59 [scrapy.extensions.logstats] INFO: Crawled 268 pages (at 3 pages/min), scraped 0 items (at 0 items/min)
2020-02-29 08:24:00 [scrapy.core.engine] DEBUG: Crawled (200) <GET https://tinhte.vn/forums/xe-o-to.545/page-17> (referer: https://tinhte.vn/forums/xe-o-to.545/page-16)
2020-02-29 08:24:21 [scrapy.core.engine] DEBUG: Crawled (200) <GET https://tinhte.vn/thread/mot-chiec-xe-cong-thuc-1-co-gia-bao-nhieu.2941703/> (referer: https://tinhte.vn/forums/xe-o-to.545/page-16)
2020-02-29 08:25:32 [scrapy.extensions.logstats] INFO: Crawled 270 pages (at 2 pages/min), scraped 0 items (at 0 items/min)
2020-02-29 08:25:33 [scrapy.core.engine] DEBUG: Crawled (200) <GET https://tinhte.vn/thread/khong-hieu-no-xay-ra-nhu-the-nao-luon.3072025/> (referer: https://tinhte.vn/forums/xe-o-to.545/page-16)
2020-02-29 08:25:35 [scrapy.extensions.logstats] INFO: Crawled 271 pages (at 1 pages/min), scraped 0 items (at 0 items/min)
2020-02-29 08:25:50 [scrapy.core.engine] DEBUG: Crawled (200) <GET https://tinhte.vn/thread/tesla-co-the-se-bi-dieu-tra-vi-nghi-ngo-xe-co-loi-tang-toc-dot-ngot.3071786/> (referer: https://tinhte.vn/forums/xe-o-to.545/page-16)
2020-02-29 08:26:10 [scrapy.core.engine] DEBUG: Crawled (200) <GET https://tinhte.vn/thread/ces20-bosch-gioi-thieu-man-che-nang-thong-minh-cho-o-to-dung-ai-nhan-dien-vi-tri-mat-tai-xe.3060339/> (referer: https://tinhte.vn/forums/xe-o-to.545/page-16)
2020-02-29 08:26:21 [scrapy.core.engine] DEBUG: Crawled (200) <GET https://tinhte.vn/thread/ces20-concept-bmw-i3-phien-ban-khach-san-di-dong.3062042/> (referer: https://tinhte.vn/forums/xe-o-to.545/page-16)
2020-02-29 08:29:59 [scrapy.extensions.logstats] INFO: Crawled 274 pages (at 3 pages/min), scraped 0 items (at 0 items/min)
2020-02-29 08:30:00 [scrapy.core.engine] DEBUG: Crawled (200) <GET https://tinhte.vn/thread/ces20-land-rover-defender-2020-se-ho-tro-cap-nhat-phan-mem-ota-viet-nam-ban-ra-tu-3-715-ty.3061423/> (referer: https://tinhte.vn/forums/xe-o-to.545/page-16)
2020-02-29 08:31:02 [scrapy.extensions.logstats] INFO: Crawled 275 pages (at 1 pages/min), scraped 0 items (at 0 items/min)
2020-02-29 08:31:03 [scrapy.core.engine] DEBUG: Crawled (200) <GET https://tinhte.vn/thread/video-cong-nghe-xe-tu-hanh-chi-dung-camera-khong-dung-cam-bien-cua-mobileye.3061085/> (referer: https://tinhte.vn/forums/xe-o-to.545/page-16)
2020-02-29 08:31:21 [scrapy.core.engine] DEBUG: Crawled (200) <GET https://tinhte.vn/thread/video-tinh-nang-phanh-khan-cap-tren-subaru-forester-tranh-duoc-mot-vu-tai-nan-trong-dem.3052620/> (referer: https://tinhte.vn/forums/xe-o-to.545/page-16)
2020-02-29 08:31:35 [scrapy.extensions.logstats] INFO: Crawled 277 pages (at 2 pages/min), scraped 0 items (at 0 items/min)
2020-02-29 08:31:38 [scrapy.core.engine] DEBUG: Crawled (200) <GET https://tinhte.vn/thread/tren-tay-mercedes-benz-glc-300-4matic-facelift-2019.3052385/> (referer: https://tinhte.vn/forums/xe-o-to.545/page-16)
2020-02-29 08:36:38 [scrapy.extensions.logstats] INFO: Crawled 278 pages (at 1 pages/min), scraped 0 items (at 0 items/min)
2020-02-29 08:36:39 [scrapy.core.engine] DEBUG: Crawled (200) <GET https://tinhte.vn/thread/tai-san-cua-elon-musk-tang-them-2-1-ty-do-chi-sau-1-tuan-gio-day-tesla-co-gia-tri-bang-ford-gm.3068131/> (referer: https://tinhte.vn/forums/xe-o-to.545/page-16)
2020-02-29 08:36:59 [scrapy.core.engine] DEBUG: Crawled (200) <GET https://tinhte.vn/thread/toyota-land-cruiser-2020-chiec-suv-mang-tinh-bieu-tuong-cua-toyota.3052523/> (referer: https://tinhte.vn/forums/xe-o-to.545/page-16)
2020-02-29 08:39:48 [scrapy.extensions.logstats] INFO: Crawled 280 pages (at 2 pages/min), scraped 0 items (at 0 items/min)
2020-02-29 08:39:49 [scrapy.core.engine] DEBUG: Crawled (200) <GET https://tinhte.vn/thread/luca-concept-electric-xe-o-to-dien-san-xuat-tu-rac-thai-nhua.3069791/> (referer: https://tinhte.vn/forums/xe-o-to.545/page-16)
2020-02-29 08:40:15 [scrapy.core.engine] DEBUG: Crawled (200) <GET https://tinhte.vn/thread/nhung-dieu-cac-ban-muon-biet-ve-dong-co-n20-cua-xe-vinfast.2885299/> (referer: https://tinhte.vn/forums/xe-o-to.545/page-16)
2020-02-29 08:40:46 [scrapy.extensions.logstats] INFO: Crawled 282 pages (at 2 pages/min), scraped 0 items (at 0 items/min)
2020-02-29 08:40:47 [scrapy.core.engine] DEBUG: Crawled (200) <GET https://tinhte.vn/thread/toyota-thu-hoi-3-4-trieu-xe-hoi-da-ban-o-bac-my-vi-dinh-loi-tui-khi-ben-vung.3072243/> (referer: https://tinhte.vn/forums/xe-o-to.545/page-16)
2020-02-29 08:41:03 [scrapy.core.engine] DEBUG: Crawled (200) <GET https://tinhte.vn/thread/xe-gi-day-cac-anh-em.3072696/> (referer: https://tinhte.vn/forums/xe-o-to.545/page-16)
2020-02-29 08:41:19 [scrapy.core.engine] DEBUG: Crawled (200) <GET https://tinhte.vn/thread/cac-dong-xe-sedan-hang-d-nen-mua-nhat-hien-nay.3074467/> (referer: https://tinhte.vn/forums/xe-o-to.545/page-16)
